#
# A fatal error has been detected by the Java Runtime Environment:
#
#  EXCEPTION_ACCESS_VIOLATION (0xc0000005) at pc=0x000000007110b5db, pid=10320, tid=9816
#
# JRE version: Java(TM) SE Runtime Environment (17.0.1+12) (build 17.0.1+12-LTS-39)
# Java VM: Java HotSpot(TM) 64-Bit Server VM (17.0.1+12-LTS-39, mixed mode, sharing, tiered, compressed oops, compressed class ptrs, g1 gc, windows-amd64)
# Problematic frame:
# C  [jSSC-2.8.dll+0xb5db]
#
# No core dump will be written. Minidumps are not enabled by default on client versions of Windows
#
# If you would like to submit a bug report, please visit:
#   https://bugreport.java.com/bugreport/crash.jsp
# The crash happened outside the Java Virtual Machine in native code.
# See problematic frame for where to report the bug.
#

---------------  S U M M A R Y ------------

Command Line: -Djava.library.path=C:\Zuppa GCS\processing-2.2.1\modes\java\libraries\serial\library\windows64;C:\Zuppa GCS\processing-2.2.1\modes\java\libraries\serial\library\windows64 -Dfile.encoding=Cp1252 -XX:+ShowCodeDetailsInExceptionMessages GCSAPP.GcsMainPage

Host: Intel(R) Core(TM) i3-4150 CPU @ 3.50GHz, 4 cores, 3G,  Windows 10 , 64 bit Build 18362 (10.0.18362.329)
Time: Wed Nov 17 14:13:55 2021 India Standard Time elapsed time: 79.540083 seconds (0d 0h 1m 19s)

---------------  T H R E A D  ---------------

Current thread (0x0000024f7ba43230):  JavaThread "AWT-EventQueue-0" [_thread_in_native, id=9816, stack(0x000000bcaab00000,0x000000bcaac00000)]

Stack: [0x000000bcaab00000,0x000000bcaac00000],  sp=0x000000bcaabfdfc0,  free space=1015k
Native frames: (J=compiled Java code, j=interpreted, Vv=VM code, C=native code)
C  [jSSC-2.8.dll+0xb5db]

Java frames: (J=compiled Java code, j=interpreted, Vv=VM code)
j  jssc.SerialNativeInterface.openPort(Ljava/lang/String;Z)J+0
j  jssc.SerialPort.openPort()Z+65
j  processing.serial.Serial.<init>(Lprocessing/core/PApplet;Ljava/lang/String;ICIF)V+154
j  processing.serial.Serial.<init>(Lprocessing/core/PApplet;Ljava/lang/String;I)V+9
j  GCSAPP.ProcessingSerial.connectPort(Ljava/lang/String;I)I+114
j  GCSAPP.ComPortProcessing.createPort(JLjava/lang/String;)I+7
j  GCSAPP.ComPortProcessing$2.actionPerformed(Ljava/awt/event/ActionEvent;)V+144
j  javax.swing.AbstractButton.fireActionPerformed(Ljava/awt/event/ActionEvent;)V+84 java.desktop@17.0.1
j  javax.swing.AbstractButton$Handler.actionPerformed(Ljava/awt/event/ActionEvent;)V+5 java.desktop@17.0.1
j  javax.swing.DefaultButtonModel.fireActionPerformed(Ljava/awt/event/ActionEvent;)V+34 java.desktop@17.0.1
j  javax.swing.DefaultButtonModel.setPressed(Z)V+117 java.desktop@17.0.1
j  javax.swing.plaf.basic.BasicButtonListener.mouseReleased(Ljava/awt/event/MouseEvent;)V+35 java.desktop@17.0.1
j  java.awt.AWTEventMulticaster.mouseReleased(Ljava/awt/event/MouseEvent;)V+8 java.desktop@17.0.1
j  java.awt.Component.processMouseEvent(Ljava/awt/event/MouseEvent;)V+64 java.desktop@17.0.1
j  javax.swing.JComponent.processMouseEvent(Ljava/awt/event/MouseEvent;)V+23 java.desktop@17.0.1
J 4710 c1 java.awt.Component.processEvent(Ljava/awt/AWTEvent;)V java.desktop@17.0.1 (220 bytes) @ 0x0000024f67b2fc3c [0x0000024f67b2f600+0x000000000000063c]
J 4637 c1 java.awt.Container.processEvent(Ljava/awt/AWTEvent;)V java.desktop@17.0.1 (22 bytes) @ 0x0000024f67ee022c [0x0000024f67edfee0+0x000000000000034c]
J 4480 c1 java.awt.Component.dispatchEventImpl(Ljava/awt/AWTEvent;)V java.desktop@17.0.1 (777 bytes) @ 0x0000024f67d863b4 [0x0000024f67d82860+0x0000000000003b54]
J 3615 c1 java.awt.Container.dispatchEventImpl(Ljava/awt/AWTEvent;)V java.desktop@17.0.1 (129 bytes) @ 0x0000024f6801c17c [0x0000024f6801c040+0x000000000000013c]
J 4700 c1 java.awt.LightweightDispatcher.retargetMouseEvent(Ljava/awt/Component;ILjava/awt/event/MouseEvent;)V java.desktop@17.0.1 (372 bytes) @ 0x0000024f67d318e4 [0x0000024f67d2f020+0x00000000000028c4]
J 4638 c1 java.awt.LightweightDispatcher.processMouseEvent(Ljava/awt/event/MouseEvent;)Z java.desktop@17.0.1 (265 bytes) @ 0x0000024f67aba914 [0x0000024f67ab9920+0x0000000000000ff4]
J 4483 c1 java.awt.LightweightDispatcher.dispatchEvent(Ljava/awt/AWTEvent;)Z java.desktop@17.0.1 (73 bytes) @ 0x0000024f679f9b5c [0x0000024f679f9700+0x000000000000045c]
J 3615 c1 java.awt.Container.dispatchEventImpl(Ljava/awt/AWTEvent;)V java.desktop@17.0.1 (129 bytes) @ 0x0000024f6801c11c [0x0000024f6801c040+0x00000000000000dc]
J 4625 c1 java.awt.Window.dispatchEventImpl(Ljava/awt/AWTEvent;)V java.desktop@17.0.1 (23 bytes) @ 0x0000024f67ae3414 [0x0000024f67ae2e00+0x0000000000000614]
J 4102 c2 java.awt.EventQueue$4.run()Ljava/lang/Object; java.desktop@17.0.1 (5 bytes) @ 0x0000024f6f128068 [0x0000024f6f127d00+0x0000000000000368]
J 4028 c2 java.awt.EventQueue.dispatchEvent(Ljava/awt/AWTEvent;)V java.desktop@17.0.1 (80 bytes) @ 0x0000024f6f0fda18 [0x0000024f6f0fd600+0x0000000000000418]
J 4658 c1 java.awt.EventDispatchThread.pumpOneEventForFilters(I)V java.desktop@17.0.1 (113 bytes) @ 0x0000024f67bd5e2c [0x0000024f67bd5800+0x000000000000062c]
J 4616% c1 java.awt.EventDispatchThread.pumpEventsForFilter(ILjava/awt/Conditional;Ljava/awt/EventFilter;)V java.desktop@17.0.1 (47 bytes) @ 0x0000024f67b7c39c [0x0000024f67b7c100+0x000000000000029c]
j  java.awt.EventDispatchThread.pumpEventsForHierarchy(ILjava/awt/Conditional;Ljava/awt/Component;)V+11 java.desktop@17.0.1
j  java.awt.EventDispatchThread.pumpEvents(ILjava/awt/Conditional;)V+4 java.desktop@17.0.1
j  java.awt.EventDispatchThread.pumpEvents(Ljava/awt/Conditional;)V+3 java.desktop@17.0.1
j  java.awt.EventDispatchThread.run()V+9 java.desktop@17.0.1
v  ~StubRoutines::call_stub

siginfo: EXCEPTION_ACCESS_VIOLATION (0xc0000005), reading address 0x000000007c54e64f


Register to memory mapping:

RIP=0x000000007110b5db jSSC-2.8.dll
RAX=0x000000007c54e64f is an unknown value
RBX=0x000000bcaabfe030 is pointing into the stack for thread: 0x0000024f7ba43230
RCX=0x00007ff99909c2a4 ntdll.dll
RDX=0x0 is NULL
RSP=0x000000bcaabfdfc0 is pointing into the stack for thread: 0x0000024f7ba43230
RBP=0x000000bcaabfe140 is pointing into the stack for thread: 0x0000024f7ba43230
RSI=0x0000024f7ba434d8 points into unknown readable memory: 0x00007ff967b13630 | 30 36 b1 67 f9 7f 00 00
RDI=0x0000000000000a24 is an unknown value
R8 =0x000000bcaabfdeb8 is pointing into the stack for thread: 0x0000024f7ba43230
R9 =0x000000bcaabfdfb0 is pointing into the stack for thread: 0x0000024f7ba43230
R10=0x0 is NULL
R11=0x0000000000000246 is an unknown value
R12=0x000000bcaabfe200 is pointing into the stack for thread: 0x0000024f7ba43230
R13=0x0000024f7e3a98e0 points into unknown readable memory: 0x0000024f00000000 | 00 00 00 00 4f 02 00 00
R14=0x000000bcaabfe0f0 is pointing into the stack for thread: 0x0000024f7ba43230
R15=0x0000024f7ba43230 is a thread


Registers:
RAX=0x000000007c54e64f, RBX=0x000000bcaabfe030, RCX=0x00007ff99909c2a4, RDX=0x0000000000000000
RSP=0x000000bcaabfdfc0, RBP=0x000000bcaabfe140, RSI=0x0000024f7ba434d8, RDI=0x0000000000000a24
R8 =0x000000bcaabfdeb8, R9 =0x000000bcaabfdfb0, R10=0x0000000000000000, R11=0x0000000000000246
R12=0x000000bcaabfe200, R13=0x0000024f7e3a98e0, R14=0x000000bcaabfe0f0, R15=0x0000024f7ba43230
RIP=0x000000007110b5db, EFLAGS=0x0000000000010202

Top of Stack: (sp=0x000000bcaabfdfc0)
0x000000bcaabfdfc0:   0000024f0065e010 000000149903fc11
0x000000bcaabfdfd0:   000000007110b230 0000024f7e3a9740
0x000000bcaabfdfe0:   000000bcaabfe140 0000000000000004
0x000000bcaabfdff0:   0000024f7ba434d8 0000000000000a24
0x000000bcaabfe000:   000000bcaabfe140 0000000071112590
0x000000bcaabfe010:   0000024f7ba43230 000000bcaabfe0f0
0x000000bcaabfe020:   0000024f7e3a98e0 000000bcaabfe200
0x000000bcaabfe030:   0000024f7e3a98e0 00007ff99903fc11
0x000000bcaabfe040:   000000bcaabfe070 0000024f5d970000
0x000000bcaabfe050:   000000bcaabfe140 0000000000000000
0x000000bcaabfe060:   0000000071113500 0000000071113be8
0x000000bcaabfe070:   000000bcaabfe0a0 0000000071112641
0x000000bcaabfe080:   000000bcaabfe010 0000024f7ba434d8
0x000000bcaabfe090:   0000000000000000 0000000000000000
0x000000bcaabfe0a0:   000000bcaabfe140 0000000071101595
0x000000bcaabfe0b0:   000000000000001c 0000024f00000000 

Instructions: (pc=0x000000007110b5db)
0x000000007110b4db:   48 85 c0 74 bf 44 8b 03 45 85 c0 0f 84 77 ff ff
0x000000007110b4eb:   ff eb 9f 66 90 e8 8b fe ff ff 48 89 05 0c 34 01
0x000000007110b4fb:   00 eb ad 66 90 e8 7b fe ff ff 48 89 05 fc 33 01
0x000000007110b50b:   00 eb 8b e8 8d fe ff ff c7 03 01 00 00 00 e9 6f
0x000000007110b51b:   ff ff ff 66 90 55 48 89 e5 56 53 48 83 ec 20 48
0x000000007110b52b:   8b 05 d7 33 01 00 48 8b 31 48 89 cb 48 85 c0 74
0x000000007110b53b:   56 44 8b 18 45 85 db 78 42 48 8b 05 bd 33 01 00
0x000000007110b54b:   48 85 c0 74 50 44 8b 10 45 85 d2 74 1d 48 89 f1
0x000000007110b55b:   e8 d0 fd ff ff 48 8b 13 48 8d 42 40 48 8b 48 08
0x000000007110b56b:   48 8b 6a 40 48 8b 60 10 ff e1 48 8b 05 9c 33 01
0x000000007110b57b:   00 48 85 c0 74 2d 48 89 30 eb da e8 b5 fe ff ff
0x000000007110b58b:   0f 1f 44 00 00 eb b2 e8 e9 fd ff ff 48 89 05 6a
0x000000007110b59b:   33 01 00 eb 9c e8 db fd ff ff 48 89 05 5c 33 01
0x000000007110b5ab:   00 eb a2 e8 3d fd ff ff 48 89 05 5e 33 01 00 eb
0x000000007110b5bb:   c5 0f 1f 40 00 55 57 56 53 48 83 ec 28 48 8b 05
0x000000007110b5cb:   39 33 01 00 48 89 cb 48 85 c0 0f 84 c5 00 00 00
0x000000007110b5db:   8b 38 85 ff 0f 88 ab 00 00 00 48 8b 05 1c 33 01
0x000000007110b5eb:   00 48 85 c0 0f 84 bc 00 00 00 8b 30 85 f6 74 57
0x000000007110b5fb:   48 8b 05 0e 33 01 00 48 85 c0 0f 84 e5 00 00 00
0x000000007110b60b:   8b 28 48 8b 35 10 5e 01 00 ff d6 89 c7 89 e9 ff
0x000000007110b61b:   15 f4 5e 01 00 89 f9 48 89 c5 ff 15 b9 5e 01 00
0x000000007110b62b:   48 8b 05 de 32 01 00 48 89 2b 48 85 c0 74 46 48
0x000000007110b63b:   89 da 8b 08 ff 15 d7 5e 01 00 85 c0 74 27 48 83
0x000000007110b64b:   c4 28 5b 5e 5f 5d c3 48 8b 05 bf 32 01 00 48 85
0x000000007110b65b:   c0 74 64 48 8b 10 48 89 13 48 89 18 48 83 c4 28
0x000000007110b66b:   5b 5e 5f 5d c3 48 89 f2 48 83 c4 28 5b 5e 5f 5d
0x000000007110b67b:   48 ff e2 66 90 e8 8b fc ff ff 48 89 05 84 32 01
0x000000007110b68b:   00 eb ac 66 90 e8 ab fd ff ff e9 4b ff ff ff 66
0x000000007110b69b:   0f 1f 44 00 00 e8 db fc ff ff 48 89 05 5c 32 01
0x000000007110b6ab:   00 e9 2a ff ff ff e8 ca fc ff ff 48 89 05 4b 32
0x000000007110b6bb:   01 00 e9 33 ff ff ff e8 29 fc ff ff 48 89 05 4a
0x000000007110b6cb:   32 01 00 48 8b 10 48 85 c0 48 89 13 75 8b e8 12 


Stack slot to memory mapping:
stack at sp + 0 slots: 0x0000024f0065e010 points into unknown readable memory: 0x0000024f5d9212c0 | c0 12 92 5d 4f 02 00 00
stack at sp + 1 slots: 0x000000149903fc11 is an unknown value
stack at sp + 2 slots: 0x000000007110b230 jSSC-2.8.dll
stack at sp + 3 slots: 0x0000024f7e3a9740 points into unknown readable memory: 0x0000024f0065e010 | 10 e0 65 00 4f 02 00 00
stack at sp + 4 slots: 0x000000bcaabfe140 is pointing into the stack for thread: 0x0000024f7ba43230
stack at sp + 5 slots: 0x0000000000000004 is an unknown value
stack at sp + 6 slots: 0x0000024f7ba434d8 points into unknown readable memory: 0x00007ff967b13630 | 30 36 b1 67 f9 7f 00 00
stack at sp + 7 slots: 0x0000000000000a24 is an unknown value


---------------  P R O C E S S  ---------------

Threads class SMR info:
_java_thread_list=0x0000024f7e031c50, length=35, elements={
0x0000024f5da6afb0, 0x0000024f5fc00740, 0x0000024f5fc05270, 0x0000024f5fc15850,
0x0000024f5fc19220, 0x0000024f5fc19bd0, 0x0000024f5fc1a580, 0x0000024f5fc1b310,
0x0000024f7ad68de0, 0x0000024f7ad6dab0, 0x0000024f7b85e0b0, 0x0000024f7b865750,
0x0000024f7bda8040, 0x0000024f7bda8510, 0x0000024f7bda8b60, 0x0000024f7ba43230,
0x0000024f7c0053d0, 0x0000024f7bf9afa0, 0x0000024f7be6b310, 0x0000024f7be6b7e0,
0x0000024f7be6bcb0, 0x0000024f7be6c180, 0x0000024f7be6c650, 0x0000024f7be6a970,
0x0000024f7be6cff0, 0x0000024f7be6ae40, 0x0000024f7be6cb20, 0x0000024f7be6a4a0,
0x0000024f7be6d4c0, 0x0000024f7be6d990, 0x0000024f7be6de60, 0x0000024f7c18a430,
0x0000024f7c188c20, 0x0000024f7c18d920, 0x0000024f7c18bc40
}

Java Threads: ( => current thread )
  0x0000024f5da6afb0 JavaThread "main" [_thread_in_Java, id=8312, stack(0x000000bca9400000,0x000000bca9500000)]
  0x0000024f5fc00740 JavaThread "Reference Handler" daemon [_thread_blocked, id=7944, stack(0x000000bca9b00000,0x000000bca9c00000)]
  0x0000024f5fc05270 JavaThread "Finalizer" daemon [_thread_blocked, id=7924, stack(0x000000bca9c00000,0x000000bca9d00000)]
  0x0000024f5fc15850 JavaThread "Signal Dispatcher" daemon [_thread_blocked, id=2896, stack(0x000000bca9d00000,0x000000bca9e00000)]
  0x0000024f5fc19220 JavaThread "Attach Listener" daemon [_thread_blocked, id=7808, stack(0x000000bca9e00000,0x000000bca9f00000)]
  0x0000024f5fc19bd0 JavaThread "Service Thread" daemon [_thread_blocked, id=7380, stack(0x000000bca9f00000,0x000000bcaa000000)]
  0x0000024f5fc1a580 JavaThread "Monitor Deflation Thread" daemon [_thread_blocked, id=3744, stack(0x000000bcaa000000,0x000000bcaa100000)]
  0x0000024f5fc1b310 JavaThread "C2 CompilerThread0" daemon [_thread_blocked, id=4888, stack(0x000000bcaa100000,0x000000bcaa200000)]
  0x0000024f7ad68de0 JavaThread "C1 CompilerThread0" daemon [_thread_blocked, id=7956, stack(0x000000bcaa200000,0x000000bcaa300000)]
  0x0000024f7ad6dab0 JavaThread "Sweeper thread" daemon [_thread_blocked, id=10672, stack(0x000000bcaa300000,0x000000bcaa400000)]
  0x0000024f7b85e0b0 JavaThread "Notification Thread" daemon [_thread_blocked, id=960, stack(0x000000bcaa400000,0x000000bcaa500000)]
  0x0000024f7b865750 JavaThread "Common-Cleaner" daemon [_thread_blocked, id=9928, stack(0x000000bcaa600000,0x000000bcaa700000)]
  0x0000024f7bda8040 JavaThread "Java2D Disposer" daemon [_thread_blocked, id=13276, stack(0x000000bcaa700000,0x000000bcaa800000)]
  0x0000024f7bda8510 JavaThread "AWT-Shutdown" [_thread_blocked, id=10104, stack(0x000000bcaa800000,0x000000bcaa900000)]
  0x0000024f7bda8b60 JavaThread "AWT-Windows" daemon [_thread_in_native, id=11368, stack(0x000000bcaa900000,0x000000bcaaa00000)]
=>0x0000024f7ba43230 JavaThread "AWT-EventQueue-0" [_thread_in_native, id=9816, stack(0x000000bcaab00000,0x000000bcaac00000)]
  0x0000024f7c0053d0 JavaThread "Timer-0" [_thread_blocked, id=12724, stack(0x000000bcaac00000,0x000000bcaad00000)]
  0x0000024f7bf9afa0 JavaThread "Timer-1" [_thread_blocked, id=3296, stack(0x000000bcaad00000,0x000000bcaae00000)]
  0x0000024f7be6b310 JavaThread "Timer-2" [_thread_blocked, id=6876, stack(0x000000bcab400000,0x000000bcab500000)]
  0x0000024f7be6b7e0 JavaThread "Timer-5" [_thread_blocked, id=5528, stack(0x000000bcab700000,0x000000bcab800000)]
  0x0000024f7be6bcb0 JavaThread "Timer-6" [_thread_blocked, id=7152, stack(0x000000bcab800000,0x000000bcab900000)]
  0x0000024f7be6c180 JavaThread "Timer-7" [_thread_blocked, id=5016, stack(0x000000bcab900000,0x000000bcaba00000)]
  0x0000024f7be6c650 JavaThread "Timer-8" [_thread_blocked, id=1208, stack(0x000000bcaba00000,0x000000bcabb00000)]
  0x0000024f7be6a970 JavaThread "Timer-9" [_thread_blocked, id=6844, stack(0x000000bcabb00000,0x000000bcabc00000)]
  0x0000024f7be6cff0 JavaThread "Thread-11" [_thread_blocked, id=1452, stack(0x000000bcab500000,0x000000bcab600000)]
  0x0000024f7be6ae40 JavaThread "Timer-10" [_thread_blocked, id=7920, stack(0x000000bcab600000,0x000000bcab700000)]
  0x0000024f7be6cb20 JavaThread "Timer-11" [_thread_blocked, id=4896, stack(0x000000bcabe00000,0x000000bcabf00000)]
  0x0000024f7be6a4a0 JavaThread "Timer-12" [_thread_blocked, id=13204, stack(0x000000bcabf00000,0x000000bcac000000)]
  0x0000024f7be6d4c0 JavaThread "Timer-13" [_thread_blocked, id=11188, stack(0x000000bcac000000,0x000000bcac100000)]
  0x0000024f7be6d990 JavaThread "Timer-14" [_thread_blocked, id=9376, stack(0x000000bcac100000,0x000000bcac200000)]
  0x0000024f7be6de60 JavaThread "Thread-17" [_thread_in_native, id=11480, stack(0x000000bcac200000,0x000000bcac300000)]
  0x0000024f7c18a430 JavaThread "Animation Thread" [_thread_in_native, id=7564, stack(0x000000bcac300000,0x000000bcac400000)]
  0x0000024f7c188c20 JavaThread "Animation Thread" [_thread_blocked, id=7512, stack(0x000000bcac400000,0x000000bcac500000)]
  0x0000024f7c18d920 JavaThread "TimerQueue" daemon [_thread_blocked, id=5104, stack(0x000000bcac500000,0x000000bcac600000)]
  0x0000024f7c18bc40 JavaThread "JOYSTICK_THREAD" [_thread_blocked, id=11700, stack(0x000000bcaca00000,0x000000bcacb00000)]

Other Threads:
  0x0000024f5fbf8ba0 VMThread "VM Thread" [stack: 0x000000bca9a00000,0x000000bca9b00000] [id=4144]
  0x0000024f7added30 WatcherThread [stack: 0x000000bcaa500000,0x000000bcaa600000] [id=9564]
  0x0000024f5fb805a0 GCTaskThread "GC Thread#0" [stack: 0x000000bca9500000,0x000000bca9600000] [id=2076]
  0x0000024f7c13a550 GCTaskThread "GC Thread#1" [stack: 0x000000bcaae00000,0x000000bcaaf00000] [id=5484]
  0x0000024f7c13a800 GCTaskThread "GC Thread#2" [stack: 0x000000bcaaf00000,0x000000bcab000000] [id=10652]
  0x0000024f7c13aab0 GCTaskThread "GC Thread#3" [stack: 0x000000bcab000000,0x000000bcab100000] [id=11004]
  0x0000024f5fb89260 ConcurrentGCThread "G1 Main Marker" [stack: 0x000000bca9600000,0x000000bca9700000] [id=6268]
  0x0000024f5fb8b560 ConcurrentGCThread "G1 Conc#0" [stack: 0x000000bca9700000,0x000000bca9800000] [id=8164]
  0x0000024f5fbd8cb0 ConcurrentGCThread "G1 Refine#0" [stack: 0x000000bca9800000,0x000000bca9900000] [id=7544]
  0x0000024f7c069000 ConcurrentGCThread "G1 Refine#1" [stack: 0x000000bcab100000,0x000000bcab200000] [id=6488]
  0x0000024f7c06ab30 ConcurrentGCThread "G1 Refine#2" [stack: 0x000000bcab200000,0x000000bcab300000] [id=9304]
  0x0000024f7bfda990 ConcurrentGCThread "G1 Refine#3" [stack: 0x000000bcab300000,0x000000bcab400000] [id=12248]
  0x0000024f5fbd9fb0 ConcurrentGCThread "G1 Service" [stack: 0x000000bca9900000,0x000000bca9a00000] [id=4136]

Threads with active compile tasks:

VM state: not at safepoint (normal execution)

VM Mutex/Monitor currently owned by a thread: None

Heap address: 0x00000000c1400000, size: 1004 MB, Compressed Oops mode: 32-bit

CDS archive(s) mapped at: [0x0000000800000000-0x0000000800bc0000-0x0000000800bc0000), size 12320768, SharedBaseAddress: 0x0000000800000000, ArchiveRelocationMode: 0.
Compressed class space mapped at: 0x0000000800c00000-0x0000000840c00000, reserved size: 1073741824
Narrow klass base: 0x0000000800000000, Narrow klass shift: 0, Narrow klass range: 0x100000000

GC Precious Log:
 CPUs: 4 total, 4 available
 Memory: 4012M
 Large Page Support: Disabled
 NUMA Support: Disabled
 Compressed Oops: Enabled (32-bit)
 Heap Region Size: 1M
 Heap Min Capacity: 8M
 Heap Initial Capacity: 64M
 Heap Max Capacity: 1004M
 Pre-touch: Disabled
 Parallel Workers: 4
 Concurrent Workers: 1
 Concurrent Refinement Workers: 4
 Periodic GC: Disabled

Heap:
 garbage-first heap   total 194560K, used 124187K [0x00000000c1400000, 0x0000000100000000)
  region size 1024K, 42 young (43008K), 1 survivors (1024K)
 Metaspace       used 19930K, committed 20160K, reserved 1073152K
  class space    used 2058K, committed 2176K, reserved 1048576K

Heap Regions: E=young(eden), S=young(survivor), O=old, HS=humongous(starts), HC=humongous(continues), CS=collection set, F=free, OA=open archive, CA=closed archive, TAMS=top-at-mark-start (previous, next)
|   0|0x00000000c1400000, 0x00000000c1500000, 0x00000000c1500000|100%|HS|  |TAMS 0x00000000c1500000, 0x00000000c1400000| Complete 
|   1|0x00000000c1500000, 0x00000000c1600000, 0x00000000c1600000|100%|HC|  |TAMS 0x00000000c1600000, 0x00000000c1500000| Complete 
|   2|0x00000000c1600000, 0x00000000c1700000, 0x00000000c1700000|100%| O|  |TAMS 0x00000000c1700000, 0x00000000c1600000| Untracked 
|   3|0x00000000c1700000, 0x00000000c1800000, 0x00000000c1800000|100%| O|  |TAMS 0x00000000c1800000, 0x00000000c1700000| Untracked 
|   4|0x00000000c1800000, 0x00000000c1900000, 0x00000000c1900000|100%| O|  |TAMS 0x00000000c1900000, 0x00000000c1800000| Untracked 
|   5|0x00000000c1900000, 0x00000000c1a00000, 0x00000000c1a00000|100%| O|  |TAMS 0x00000000c1a00000, 0x00000000c1900000| Untracked 
|   6|0x00000000c1a00000, 0x00000000c1b00000, 0x00000000c1b00000|100%|HS|  |TAMS 0x00000000c1b00000, 0x00000000c1a00000| Complete 
|   7|0x00000000c1b00000, 0x00000000c1c00000, 0x00000000c1c00000|100%|HC|  |TAMS 0x00000000c1c00000, 0x00000000c1b00000| Complete 
|   8|0x00000000c1c00000, 0x00000000c1d00000, 0x00000000c1d00000|100%|HS|  |TAMS 0x00000000c1d00000, 0x00000000c1c00000| Complete 
|   9|0x00000000c1d00000, 0x00000000c1dcb200, 0x00000000c1e00000| 79%| O|  |TAMS 0x00000000c1dcb200, 0x00000000c1d00000| Untracked 
|  10|0x00000000c1e00000, 0x00000000c1f00000, 0x00000000c1f00000|100%| O|  |TAMS 0x00000000c1f00000, 0x00000000c1e00000| Untracked 
|  11|0x00000000c1f00000, 0x00000000c2000000, 0x00000000c2000000|100%| O|  |TAMS 0x00000000c2000000, 0x00000000c1f00000| Untracked 
|  12|0x00000000c2000000, 0x00000000c2100000, 0x00000000c2100000|100%|HS|  |TAMS 0x00000000c2100000, 0x00000000c2000000| Complete 
|  13|0x00000000c2100000, 0x00000000c2200000, 0x00000000c2200000|100%|HC|  |TAMS 0x00000000c2200000, 0x00000000c2100000| Complete 
|  14|0x00000000c2200000, 0x00000000c2300000, 0x00000000c2300000|100%|HS|  |TAMS 0x00000000c2300000, 0x00000000c2200000| Complete 
|  15|0x00000000c2300000, 0x00000000c2400000, 0x00000000c2400000|100%|HC|  |TAMS 0x00000000c2400000, 0x00000000c2300000| Complete 
|  16|0x00000000c2400000, 0x00000000c2500000, 0x00000000c2500000|100%|HC|  |TAMS 0x00000000c2500000, 0x00000000c2400000| Complete 
|  17|0x00000000c2500000, 0x00000000c2600000, 0x00000000c2600000|100%|HC|  |TAMS 0x00000000c2600000, 0x00000000c2500000| Complete 
|  18|0x00000000c2600000, 0x00000000c2700000, 0x00000000c2700000|100%|HS|  |TAMS 0x00000000c2700000, 0x00000000c2600000| Complete 
|  19|0x00000000c2700000, 0x00000000c2800000, 0x00000000c2800000|100%|HC|  |TAMS 0x00000000c2800000, 0x00000000c2700000| Complete 
|  20|0x00000000c2800000, 0x00000000c2900000, 0x00000000c2900000|100%|HC|  |TAMS 0x00000000c2900000, 0x00000000c2800000| Complete 
|  21|0x00000000c2900000, 0x00000000c2a00000, 0x00000000c2a00000|100%|HC|  |TAMS 0x00000000c2a00000, 0x00000000c2900000| Complete 
|  22|0x00000000c2a00000, 0x00000000c2b00000, 0x00000000c2b00000|100%| O|  |TAMS 0x00000000c2b00000, 0x00000000c2a00000| Untracked 
|  23|0x00000000c2b00000, 0x00000000c2c00000, 0x00000000c2c00000|100%| O|  |TAMS 0x00000000c2c00000, 0x00000000c2b00000| Untracked 
|  24|0x00000000c2c00000, 0x00000000c2d00000, 0x00000000c2d00000|100%| O|  |TAMS 0x00000000c2d00000, 0x00000000c2c00000| Untracked 
|  25|0x00000000c2d00000, 0x00000000c2e00000, 0x00000000c2e00000|100%| O|  |TAMS 0x00000000c2e00000, 0x00000000c2d00000| Untracked 
|  26|0x00000000c2e00000, 0x00000000c2f00000, 0x00000000c2f00000|100%| O|  |TAMS 0x00000000c2f00000, 0x00000000c2e00000| Untracked 
|  27|0x00000000c2f00000, 0x00000000c3000000, 0x00000000c3000000|100%| O|  |TAMS 0x00000000c3000000, 0x00000000c2f00000| Untracked 
|  28|0x00000000c3000000, 0x00000000c3100000, 0x00000000c3100000|100%| O|  |TAMS 0x00000000c3100000, 0x00000000c3000000| Untracked 
|  29|0x00000000c3100000, 0x00000000c3200000, 0x00000000c3200000|100%| O|  |TAMS 0x00000000c3200000, 0x00000000c3100000| Untracked 
|  30|0x00000000c3200000, 0x00000000c3300000, 0x00000000c3300000|100%|HS|  |TAMS 0x00000000c3300000, 0x00000000c3200000| Complete 
|  31|0x00000000c3300000, 0x00000000c3400000, 0x00000000c3400000|100%|HC|  |TAMS 0x00000000c3400000, 0x00000000c3300000| Complete 
|  32|0x00000000c3400000, 0x00000000c3500000, 0x00000000c3500000|100%|HS|  |TAMS 0x00000000c3500000, 0x00000000c3400000| Complete 
|  33|0x00000000c3500000, 0x00000000c3600000, 0x00000000c3600000|100%|HC|  |TAMS 0x00000000c3600000, 0x00000000c3500000| Complete 
|  34|0x00000000c3600000, 0x00000000c3700000, 0x00000000c3700000|100%|HS|  |TAMS 0x00000000c3700000, 0x00000000c3600000| Complete 
|  35|0x00000000c3700000, 0x00000000c3800000, 0x00000000c3800000|100%|HC|  |TAMS 0x00000000c3800000, 0x00000000c3700000| Complete 
|  36|0x00000000c3800000, 0x00000000c3900000, 0x00000000c3900000|100%|HC|  |TAMS 0x00000000c3900000, 0x00000000c3800000| Complete 
|  37|0x00000000c3900000, 0x00000000c3a00000, 0x00000000c3a00000|100%|HS|  |TAMS 0x00000000c3900000, 0x00000000c3900000| Complete 
|  38|0x00000000c3a00000, 0x00000000c3b00000, 0x00000000c3b00000|100%|HC|  |TAMS 0x00000000c3a00000, 0x00000000c3a00000| Complete 
|  39|0x00000000c3b00000, 0x00000000c3c00000, 0x00000000c3c00000|100%|HS|  |TAMS 0x00000000c3c00000, 0x00000000c3b00000| Complete 
|  40|0x00000000c3c00000, 0x00000000c3d00000, 0x00000000c3d00000|100%|HC|  |TAMS 0x00000000c3d00000, 0x00000000c3c00000| Complete 
|  41|0x00000000c3d00000, 0x00000000c3e00000, 0x00000000c3e00000|100%|HS|  |TAMS 0x00000000c3e00000, 0x00000000c3d00000| Complete 
|  42|0x00000000c3e00000, 0x00000000c3f00000, 0x00000000c3f00000|100%|HC|  |TAMS 0x00000000c3f00000, 0x00000000c3e00000| Complete 
|  43|0x00000000c3f00000, 0x00000000c4000000, 0x00000000c4000000|100%|HS|  |TAMS 0x00000000c4000000, 0x00000000c3f00000| Complete 
|  44|0x00000000c4000000, 0x00000000c4100000, 0x00000000c4100000|100%|HC|  |TAMS 0x00000000c4100000, 0x00000000c4000000| Complete 
|  45|0x00000000c4100000, 0x00000000c4200000, 0x00000000c4200000|100%|HS|  |TAMS 0x00000000c4200000, 0x00000000c4100000| Complete 
|  46|0x00000000c4200000, 0x00000000c4300000, 0x00000000c4300000|100%|HC|  |TAMS 0x00000000c4300000, 0x00000000c4200000| Complete 
|  47|0x00000000c4300000, 0x00000000c4400000, 0x00000000c4400000|100%|HS|  |TAMS 0x00000000c4400000, 0x00000000c4300000| Complete 
|  48|0x00000000c4400000, 0x00000000c4500000, 0x00000000c4500000|100%|HC|  |TAMS 0x00000000c4500000, 0x00000000c4400000| Complete 
|  49|0x00000000c4500000, 0x00000000c4600000, 0x00000000c4600000|100%|HS|  |TAMS 0x00000000c4600000, 0x00000000c4500000| Complete 
|  50|0x00000000c4600000, 0x00000000c4700000, 0x00000000c4700000|100%|HC|  |TAMS 0x00000000c4700000, 0x00000000c4600000| Complete 
|  51|0x00000000c4700000, 0x00000000c4800000, 0x00000000c4800000|100%|HC|  |TAMS 0x00000000c4800000, 0x00000000c4700000| Complete 
|  52|0x00000000c4800000, 0x00000000c4900000, 0x00000000c4900000|100%|HS|  |TAMS 0x00000000c4900000, 0x00000000c4800000| Complete 
|  53|0x00000000c4900000, 0x00000000c4a00000, 0x00000000c4a00000|100%|HC|  |TAMS 0x00000000c4a00000, 0x00000000c4900000| Complete 
|  54|0x00000000c4a00000, 0x00000000c4b00000, 0x00000000c4b00000|100%|HS|  |TAMS 0x00000000c4b00000, 0x00000000c4a00000| Complete 
|  55|0x00000000c4b00000, 0x00000000c4c00000, 0x00000000c4c00000|100%|HC|  |TAMS 0x00000000c4c00000, 0x00000000c4b00000| Complete 
|  56|0x00000000c4c00000, 0x00000000c4d00000, 0x00000000c4d00000|100%|HS|  |TAMS 0x00000000c4d00000, 0x00000000c4c00000| Complete 
|  57|0x00000000c4d00000, 0x00000000c4e00000, 0x00000000c4e00000|100%|HC|  |TAMS 0x00000000c4e00000, 0x00000000c4d00000| Complete 
|  58|0x00000000c4e00000, 0x00000000c4f00000, 0x00000000c4f00000|100%|HS|  |TAMS 0x00000000c4e00000, 0x00000000c4e00000| Complete 
|  59|0x00000000c4f00000, 0x00000000c5000000, 0x00000000c5000000|100%|HC|  |TAMS 0x00000000c4f00000, 0x00000000c4f00000| Complete 
|  60|0x00000000c5000000, 0x00000000c5100000, 0x00000000c5100000|100%|HS|  |TAMS 0x00000000c5000000, 0x00000000c5000000| Complete 
|  61|0x00000000c5100000, 0x00000000c5200000, 0x00000000c5200000|100%|HC|  |TAMS 0x00000000c5100000, 0x00000000c5100000| Complete 
|  62|0x00000000c5200000, 0x00000000c5300000, 0x00000000c5300000|100%|HS|  |TAMS 0x00000000c5200000, 0x00000000c5200000| Complete 
|  63|0x00000000c5300000, 0x00000000c5400000, 0x00000000c5400000|100%|HC|  |TAMS 0x00000000c5300000, 0x00000000c5300000| Complete 
|  64|0x00000000c5400000, 0x00000000c5500000, 0x00000000c5500000|100%|HS|  |TAMS 0x00000000c5400000, 0x00000000c5400000| Complete 
|  65|0x00000000c5500000, 0x00000000c5600000, 0x00000000c5600000|100%|HC|  |TAMS 0x00000000c5500000, 0x00000000c5500000| Complete 
|  66|0x00000000c5600000, 0x00000000c5700000, 0x00000000c5700000|100%|HS|  |TAMS 0x00000000c5600000, 0x00000000c5600000| Complete 
|  67|0x00000000c5700000, 0x00000000c5800000, 0x00000000c5800000|100%|HC|  |TAMS 0x00000000c5700000, 0x00000000c5700000| Complete 
|  68|0x00000000c5800000, 0x00000000c5900000, 0x00000000c5900000|100%|HS|  |TAMS 0x00000000c5900000, 0x00000000c5800000| Complete 
|  69|0x00000000c5900000, 0x00000000c5a00000, 0x00000000c5a00000|100%|HC|  |TAMS 0x00000000c5a00000, 0x00000000c5900000| Complete 
|  70|0x00000000c5a00000, 0x00000000c5b00000, 0x00000000c5b00000|100%|HS|  |TAMS 0x00000000c5b00000, 0x00000000c5a00000| Complete 
|  71|0x00000000c5b00000, 0x00000000c5c00000, 0x00000000c5c00000|100%|HC|  |TAMS 0x00000000c5c00000, 0x00000000c5b00000| Complete 
|  72|0x00000000c5c00000, 0x00000000c5d00000, 0x00000000c5d00000|100%|HS|  |TAMS 0x00000000c5c00000, 0x00000000c5c00000| Complete 
|  73|0x00000000c5d00000, 0x00000000c5e00000, 0x00000000c5e00000|100%|HC|  |TAMS 0x00000000c5d00000, 0x00000000c5d00000| Complete 
|  74|0x00000000c5e00000, 0x00000000c5f00000, 0x00000000c5f00000|100%|HS|  |TAMS 0x00000000c5f00000, 0x00000000c5e00000| Complete 
|  75|0x00000000c5f00000, 0x00000000c6000000, 0x00000000c6000000|100%|HC|  |TAMS 0x00000000c6000000, 0x00000000c5f00000| Complete 
|  76|0x00000000c6000000, 0x00000000c60b5600, 0x00000000c6100000| 70%| O|  |TAMS 0x00000000c60b5600, 0x00000000c6000000| Untracked 
|  77|0x00000000c6100000, 0x00000000c6200000, 0x00000000c6200000|100%|HS|  |TAMS 0x00000000c6200000, 0x00000000c6100000| Complete 
|  78|0x00000000c6200000, 0x00000000c6300000, 0x00000000c6300000|100%|HC|  |TAMS 0x00000000c6300000, 0x00000000c6200000| Complete 
|  79|0x00000000c6300000, 0x00000000c6400000, 0x00000000c6400000|100%|HS|  |TAMS 0x00000000c6300000, 0x00000000c6300000| Complete 
|  80|0x00000000c6400000, 0x00000000c6500000, 0x00000000c6500000|100%|HC|  |TAMS 0x00000000c6400000, 0x00000000c6400000| Complete 
|  81|0x00000000c6500000, 0x00000000c6600000, 0x00000000c6600000|100%|HS|  |TAMS 0x00000000c6600000, 0x00000000c6500000| Complete 
|  82|0x00000000c6600000, 0x00000000c6700000, 0x00000000c6700000|100%|HC|  |TAMS 0x00000000c6700000, 0x00000000c6600000| Complete 
|  83|0x00000000c6700000, 0x00000000c6700000, 0x00000000c6800000|  0%| F|  |TAMS 0x00000000c6700000, 0x00000000c6700000| Untracked 
|  84|0x00000000c6800000, 0x00000000c6800000, 0x00000000c6900000|  0%| F|  |TAMS 0x00000000c6800000, 0x00000000c6800000| Untracked 
|  85|0x00000000c6900000, 0x00000000c6900000, 0x00000000c6a00000|  0%| F|  |TAMS 0x00000000c6900000, 0x00000000c6900000| Untracked 
|  86|0x00000000c6a00000, 0x00000000c6a00000, 0x00000000c6b00000|  0%| F|  |TAMS 0x00000000c6a00000, 0x00000000c6a00000| Untracked 
|  87|0x00000000c6b00000, 0x00000000c6b00000, 0x00000000c6c00000|  0%| F|  |TAMS 0x00000000c6b00000, 0x00000000c6b00000| Untracked 
|  88|0x00000000c6c00000, 0x00000000c6c00000, 0x00000000c6d00000|  0%| F|  |TAMS 0x00000000c6c00000, 0x00000000c6c00000| Untracked 
|  89|0x00000000c6d00000, 0x00000000c6d00000, 0x00000000c6e00000|  0%| F|  |TAMS 0x00000000c6d00000, 0x00000000c6d00000| Untracked 
|  90|0x00000000c6e00000, 0x00000000c6e00000, 0x00000000c6f00000|  0%| F|  |TAMS 0x00000000c6e00000, 0x00000000c6e00000| Untracked 
|  91|0x00000000c6f00000, 0x00000000c6f00000, 0x00000000c7000000|  0%| F|  |TAMS 0x00000000c6f00000, 0x00000000c6f00000| Untracked 
|  92|0x00000000c7000000, 0x00000000c7000000, 0x00000000c7100000|  0%| F|  |TAMS 0x00000000c7000000, 0x00000000c7000000| Untracked 
|  93|0x00000000c7100000, 0x00000000c7100000, 0x00000000c7200000|  0%| F|  |TAMS 0x00000000c7100000, 0x00000000c7100000| Untracked 
|  94|0x00000000c7200000, 0x00000000c7200000, 0x00000000c7300000|  0%| F|  |TAMS 0x00000000c7200000, 0x00000000c7200000| Untracked 
|  95|0x00000000c7300000, 0x00000000c7300000, 0x00000000c7400000|  0%| F|  |TAMS 0x00000000c7300000, 0x00000000c7300000| Untracked 
|  96|0x00000000c7400000, 0x00000000c7400000, 0x00000000c7500000|  0%| F|  |TAMS 0x00000000c7400000, 0x00000000c7400000| Untracked 
|  97|0x00000000c7500000, 0x00000000c7500000, 0x00000000c7600000|  0%| F|  |TAMS 0x00000000c7500000, 0x00000000c7500000| Untracked 
|  98|0x00000000c7600000, 0x00000000c7600000, 0x00000000c7700000|  0%| F|  |TAMS 0x00000000c7600000, 0x00000000c7600000| Untracked 
|  99|0x00000000c7700000, 0x00000000c7700000, 0x00000000c7800000|  0%| F|  |TAMS 0x00000000c7700000, 0x00000000c7700000| Untracked 
| 100|0x00000000c7800000, 0x00000000c7800000, 0x00000000c7900000|  0%| F|  |TAMS 0x00000000c7800000, 0x00000000c7800000| Untracked 
| 101|0x00000000c7900000, 0x00000000c7900000, 0x00000000c7a00000|  0%| F|  |TAMS 0x00000000c7900000, 0x00000000c7900000| Untracked 
| 102|0x00000000c7a00000, 0x00000000c7a00000, 0x00000000c7b00000|  0%| F|  |TAMS 0x00000000c7a00000, 0x00000000c7a00000| Untracked 
| 103|0x00000000c7b00000, 0x00000000c7b00000, 0x00000000c7c00000|  0%| F|  |TAMS 0x00000000c7b00000, 0x00000000c7b00000| Untracked 
| 104|0x00000000c7c00000, 0x00000000c7c00000, 0x00000000c7d00000|  0%| F|  |TAMS 0x00000000c7c00000, 0x00000000c7c00000| Untracked 
| 105|0x00000000c7d00000, 0x00000000c7d00000, 0x00000000c7e00000|  0%| F|  |TAMS 0x00000000c7d00000, 0x00000000c7d00000| Untracked 
| 106|0x00000000c7e00000, 0x00000000c7e00000, 0x00000000c7f00000|  0%| F|  |TAMS 0x00000000c7e00000, 0x00000000c7e00000| Untracked 
| 107|0x00000000c7f00000, 0x00000000c7f00000, 0x00000000c8000000|  0%| F|  |TAMS 0x00000000c7f00000, 0x00000000c7f00000| Untracked 
| 108|0x00000000c8000000, 0x00000000c8000000, 0x00000000c8100000|  0%| F|  |TAMS 0x00000000c8000000, 0x00000000c8000000| Untracked 
| 109|0x00000000c8100000, 0x00000000c8100000, 0x00000000c8200000|  0%| F|  |TAMS 0x00000000c8100000, 0x00000000c8100000| Untracked 
| 110|0x00000000c8200000, 0x00000000c8200000, 0x00000000c8300000|  0%| F|  |TAMS 0x00000000c8200000, 0x00000000c8200000| Untracked 
| 111|0x00000000c8300000, 0x00000000c8300000, 0x00000000c8400000|  0%| F|  |TAMS 0x00000000c8300000, 0x00000000c8300000| Untracked 
| 112|0x00000000c8400000, 0x00000000c84c6538, 0x00000000c8500000| 77%| S|CS|TAMS 0x00000000c8400000, 0x00000000c8400000| Complete 
| 113|0x00000000c8500000, 0x00000000c8500000, 0x00000000c8600000|  0%| F|  |TAMS 0x00000000c8500000, 0x00000000c8500000| Untracked 
| 114|0x00000000c8600000, 0x00000000c8600000, 0x00000000c8700000|  0%| F|  |TAMS 0x00000000c8600000, 0x00000000c8600000| Untracked 
| 115|0x00000000c8700000, 0x00000000c8700000, 0x00000000c8800000|  0%| F|  |TAMS 0x00000000c8700000, 0x00000000c8700000| Untracked 
| 116|0x00000000c8800000, 0x00000000c8800000, 0x00000000c8900000|  0%| F|  |TAMS 0x00000000c8800000, 0x00000000c8800000| Untracked 
| 117|0x00000000c8900000, 0x00000000c8900000, 0x00000000c8a00000|  0%| F|  |TAMS 0x00000000c8900000, 0x00000000c8900000| Untracked 
| 118|0x00000000c8a00000, 0x00000000c8a00000, 0x00000000c8b00000|  0%| F|  |TAMS 0x00000000c8a00000, 0x00000000c8a00000| Untracked 
| 119|0x00000000c8b00000, 0x00000000c8b00000, 0x00000000c8c00000|  0%| F|  |TAMS 0x00000000c8b00000, 0x00000000c8b00000| Untracked 
| 120|0x00000000c8c00000, 0x00000000c8c00000, 0x00000000c8d00000|  0%| F|  |TAMS 0x00000000c8c00000, 0x00000000c8c00000| Untracked 
| 121|0x00000000c8d00000, 0x00000000c8d00000, 0x00000000c8e00000|  0%| F|  |TAMS 0x00000000c8d00000, 0x00000000c8d00000| Untracked 
| 122|0x00000000c8e00000, 0x00000000c8e00000, 0x00000000c8f00000|  0%| F|  |TAMS 0x00000000c8e00000, 0x00000000c8e00000| Untracked 
| 123|0x00000000c8f00000, 0x00000000c8f00000, 0x00000000c9000000|  0%| F|  |TAMS 0x00000000c8f00000, 0x00000000c8f00000| Untracked 
| 124|0x00000000c9000000, 0x00000000c9000000, 0x00000000c9100000|  0%| F|  |TAMS 0x00000000c9000000, 0x00000000c9000000| Untracked 
| 125|0x00000000c9100000, 0x00000000c9100000, 0x00000000c9200000|  0%| F|  |TAMS 0x00000000c9100000, 0x00000000c9100000| Untracked 
| 126|0x00000000c9200000, 0x00000000c9200000, 0x00000000c9300000|  0%| F|  |TAMS 0x00000000c9200000, 0x00000000c9200000| Untracked 
| 127|0x00000000c9300000, 0x00000000c9300000, 0x00000000c9400000|  0%| F|  |TAMS 0x00000000c9300000, 0x00000000c9300000| Untracked 
| 128|0x00000000c9400000, 0x00000000c9400000, 0x00000000c9500000|  0%| F|  |TAMS 0x00000000c9400000, 0x00000000c9400000| Untracked 
| 129|0x00000000c9500000, 0x00000000c9500000, 0x00000000c9600000|  0%| F|  |TAMS 0x00000000c9500000, 0x00000000c9500000| Untracked 
| 130|0x00000000c9600000, 0x00000000c9600000, 0x00000000c9700000|  0%| F|  |TAMS 0x00000000c9600000, 0x00000000c9600000| Untracked 
| 131|0x00000000c9700000, 0x00000000c9700000, 0x00000000c9800000|  0%| F|  |TAMS 0x00000000c9700000, 0x00000000c9700000| Untracked 
| 132|0x00000000c9800000, 0x00000000c9800000, 0x00000000c9900000|  0%| F|  |TAMS 0x00000000c9800000, 0x00000000c9800000| Untracked 
| 133|0x00000000c9900000, 0x00000000c9900000, 0x00000000c9a00000|  0%| F|  |TAMS 0x00000000c9900000, 0x00000000c9900000| Untracked 
| 134|0x00000000c9a00000, 0x00000000c9a00000, 0x00000000c9b00000|  0%| F|  |TAMS 0x00000000c9a00000, 0x00000000c9a00000| Untracked 
| 135|0x00000000c9b00000, 0x00000000c9b00000, 0x00000000c9c00000|  0%| F|  |TAMS 0x00000000c9b00000, 0x00000000c9b00000| Untracked 
| 136|0x00000000c9c00000, 0x00000000c9c00000, 0x00000000c9d00000|  0%| F|  |TAMS 0x00000000c9c00000, 0x00000000c9c00000| Untracked 
| 137|0x00000000c9d00000, 0x00000000c9d00000, 0x00000000c9e00000|  0%| F|  |TAMS 0x00000000c9d00000, 0x00000000c9d00000| Untracked 
| 138|0x00000000c9e00000, 0x00000000c9e00000, 0x00000000c9f00000|  0%| F|  |TAMS 0x00000000c9e00000, 0x00000000c9e00000| Untracked 
| 139|0x00000000c9f00000, 0x00000000c9f00000, 0x00000000ca000000|  0%| F|  |TAMS 0x00000000c9f00000, 0x00000000c9f00000| Untracked 
| 140|0x00000000ca000000, 0x00000000ca000000, 0x00000000ca100000|  0%| F|  |TAMS 0x00000000ca000000, 0x00000000ca000000| Untracked 
| 141|0x00000000ca100000, 0x00000000ca100000, 0x00000000ca200000|  0%| F|  |TAMS 0x00000000ca100000, 0x00000000ca100000| Untracked 
| 142|0x00000000ca200000, 0x00000000ca200000, 0x00000000ca300000|  0%| F|  |TAMS 0x00000000ca200000, 0x00000000ca200000| Untracked 
| 143|0x00000000ca300000, 0x00000000ca300000, 0x00000000ca400000|  0%| F|  |TAMS 0x00000000ca300000, 0x00000000ca300000| Untracked 
| 144|0x00000000ca400000, 0x00000000ca400000, 0x00000000ca500000|  0%| F|  |TAMS 0x00000000ca400000, 0x00000000ca400000| Untracked 
| 145|0x00000000ca500000, 0x00000000ca500000, 0x00000000ca600000|  0%| F|  |TAMS 0x00000000ca500000, 0x00000000ca500000| Untracked 
| 146|0x00000000ca600000, 0x00000000ca700000, 0x00000000ca700000|100%| E|  |TAMS 0x00000000ca600000, 0x00000000ca600000| Complete 
| 147|0x00000000ca700000, 0x00000000ca800000, 0x00000000ca800000|100%| E|CS|TAMS 0x00000000ca700000, 0x00000000ca700000| Complete 
| 148|0x00000000ca800000, 0x00000000ca900000, 0x00000000ca900000|100%| E|CS|TAMS 0x00000000ca800000, 0x00000000ca800000| Complete 
| 149|0x00000000ca900000, 0x00000000caa00000, 0x00000000caa00000|100%| E|CS|TAMS 0x00000000ca900000, 0x00000000ca900000| Complete 
| 150|0x00000000caa00000, 0x00000000cab00000, 0x00000000cab00000|100%| E|CS|TAMS 0x00000000caa00000, 0x00000000caa00000| Complete 
| 151|0x00000000cab00000, 0x00000000cac00000, 0x00000000cac00000|100%| E|CS|TAMS 0x00000000cab00000, 0x00000000cab00000| Complete 
| 152|0x00000000cac00000, 0x00000000cad00000, 0x00000000cad00000|100%| E|CS|TAMS 0x00000000cac00000, 0x00000000cac00000| Complete 
| 153|0x00000000cad00000, 0x00000000cae00000, 0x00000000cae00000|100%| E|CS|TAMS 0x00000000cad00000, 0x00000000cad00000| Complete 
| 154|0x00000000cae00000, 0x00000000caf00000, 0x00000000caf00000|100%| E|CS|TAMS 0x00000000cae00000, 0x00000000cae00000| Complete 
| 155|0x00000000caf00000, 0x00000000cb000000, 0x00000000cb000000|100%| E|CS|TAMS 0x00000000caf00000, 0x00000000caf00000| Complete 
| 156|0x00000000cb000000, 0x00000000cb100000, 0x00000000cb100000|100%| E|CS|TAMS 0x00000000cb000000, 0x00000000cb000000| Complete 
| 157|0x00000000cb100000, 0x00000000cb200000, 0x00000000cb200000|100%| E|CS|TAMS 0x00000000cb100000, 0x00000000cb100000| Complete 
| 158|0x00000000cb200000, 0x00000000cb300000, 0x00000000cb300000|100%| E|CS|TAMS 0x00000000cb200000, 0x00000000cb200000| Complete 
| 159|0x00000000cb300000, 0x00000000cb400000, 0x00000000cb400000|100%| E|CS|TAMS 0x00000000cb300000, 0x00000000cb300000| Complete 
| 160|0x00000000cb400000, 0x00000000cb500000, 0x00000000cb500000|100%| E|CS|TAMS 0x00000000cb400000, 0x00000000cb400000| Complete 
| 161|0x00000000cb500000, 0x00000000cb600000, 0x00000000cb600000|100%| E|CS|TAMS 0x00000000cb500000, 0x00000000cb500000| Complete 
| 162|0x00000000cb600000, 0x00000000cb700000, 0x00000000cb700000|100%| E|CS|TAMS 0x00000000cb600000, 0x00000000cb600000| Complete 
| 163|0x00000000cb700000, 0x00000000cb800000, 0x00000000cb800000|100%| E|CS|TAMS 0x00000000cb700000, 0x00000000cb700000| Complete 
| 164|0x00000000cb800000, 0x00000000cb900000, 0x00000000cb900000|100%| E|CS|TAMS 0x00000000cb800000, 0x00000000cb800000| Complete 
| 165|0x00000000cb900000, 0x00000000cba00000, 0x00000000cba00000|100%| E|CS|TAMS 0x00000000cb900000, 0x00000000cb900000| Complete 
| 166|0x00000000cba00000, 0x00000000cbb00000, 0x00000000cbb00000|100%| E|CS|TAMS 0x00000000cba00000, 0x00000000cba00000| Complete 
| 167|0x00000000cbb00000, 0x00000000cbc00000, 0x00000000cbc00000|100%| E|CS|TAMS 0x00000000cbb00000, 0x00000000cbb00000| Complete 
| 168|0x00000000cbc00000, 0x00000000cbd00000, 0x00000000cbd00000|100%| E|CS|TAMS 0x00000000cbc00000, 0x00000000cbc00000| Complete 
| 169|0x00000000cbd00000, 0x00000000cbe00000, 0x00000000cbe00000|100%| E|CS|TAMS 0x00000000cbd00000, 0x00000000cbd00000| Complete 
| 170|0x00000000cbe00000, 0x00000000cbf00000, 0x00000000cbf00000|100%| E|CS|TAMS 0x00000000cbe00000, 0x00000000cbe00000| Complete 
| 171|0x00000000cbf00000, 0x00000000cc000000, 0x00000000cc000000|100%| E|CS|TAMS 0x00000000cbf00000, 0x00000000cbf00000| Complete 
| 172|0x00000000cc000000, 0x00000000cc100000, 0x00000000cc100000|100%| E|CS|TAMS 0x00000000cc000000, 0x00000000cc000000| Complete 
| 173|0x00000000cc100000, 0x00000000cc200000, 0x00000000cc200000|100%| E|CS|TAMS 0x00000000cc100000, 0x00000000cc100000| Complete 
| 174|0x00000000cc200000, 0x00000000cc300000, 0x00000000cc300000|100%| E|CS|TAMS 0x00000000cc200000, 0x00000000cc200000| Complete 
| 175|0x00000000cc300000, 0x00000000cc400000, 0x00000000cc400000|100%| E|CS|TAMS 0x00000000cc300000, 0x00000000cc300000| Complete 
| 176|0x00000000cc400000, 0x00000000cc500000, 0x00000000cc500000|100%| E|CS|TAMS 0x00000000cc400000, 0x00000000cc400000| Complete 
| 177|0x00000000cc500000, 0x00000000cc600000, 0x00000000cc600000|100%| E|CS|TAMS 0x00000000cc500000, 0x00000000cc500000| Complete 
| 178|0x00000000cc600000, 0x00000000cc700000, 0x00000000cc700000|100%| E|CS|TAMS 0x00000000cc600000, 0x00000000cc600000| Complete 
| 179|0x00000000cc700000, 0x00000000cc800000, 0x00000000cc800000|100%| E|CS|TAMS 0x00000000cc700000, 0x00000000cc700000| Complete 
| 180|0x00000000cc800000, 0x00000000cc900000, 0x00000000cc900000|100%| E|CS|TAMS 0x00000000cc800000, 0x00000000cc800000| Complete 
| 181|0x00000000cc900000, 0x00000000cca00000, 0x00000000cca00000|100%| E|CS|TAMS 0x00000000cc900000, 0x00000000cc900000| Complete 
| 182|0x00000000cca00000, 0x00000000ccb00000, 0x00000000ccb00000|100%| E|CS|TAMS 0x00000000cca00000, 0x00000000cca00000| Complete 
| 183|0x00000000ccb00000, 0x00000000ccc00000, 0x00000000ccc00000|100%| E|CS|TAMS 0x00000000ccb00000, 0x00000000ccb00000| Complete 
| 184|0x00000000ccc00000, 0x00000000ccd00000, 0x00000000ccd00000|100%| E|CS|TAMS 0x00000000ccc00000, 0x00000000ccc00000| Complete 
| 185|0x00000000ccd00000, 0x00000000cce00000, 0x00000000cce00000|100%| E|CS|TAMS 0x00000000ccd00000, 0x00000000ccd00000| Complete 
| 186|0x00000000cce00000, 0x00000000ccf00000, 0x00000000ccf00000|100%| E|CS|TAMS 0x00000000cce00000, 0x00000000cce00000| Complete 
| 187|0x00000000ccf00000, 0x00000000cd000000, 0x00000000cd000000|100%| E|CS|TAMS 0x00000000ccf00000, 0x00000000ccf00000| Complete 
| 201|0x00000000cdd00000, 0x00000000cde00000, 0x00000000cde00000|100%| E|CS|TAMS 0x00000000cdd00000, 0x00000000cdd00000| Complete 
| 202|0x00000000cde00000, 0x00000000cdf00000, 0x00000000cdf00000|100%| E|CS|TAMS 0x00000000cde00000, 0x00000000cde00000| Complete 

Card table byte_map: [0x0000024f76550000,0x0000024f76750000] _byte_map_base: 0x0000024f75f46000

Marking Bits (Prev, Next): (CMBitMap*) 0x0000024f5fb80bf0, (CMBitMap*) 0x0000024f5fb80bb0
 Prev Bits: [0x0000024f77900000, 0x0000024f788b0000)
 Next Bits: [0x0000024f76950000, 0x0000024f77900000)

Polling page: 0x0000024f5dce0000

Metaspace:

Usage:
  Non-class:     17.45 MB used.
      Class:      2.01 MB used.
       Both:     19.46 MB used.

Virtual space:
  Non-class space:       24.00 MB reserved,      17.56 MB ( 73%) committed,  3 nodes.
      Class space:        1.00 GB reserved,       2.13 MB ( <1%) committed,  1 nodes.
             Both:        1.02 GB reserved,      19.69 MB (  2%) committed. 

Chunk freelists:
   Non-Class:  2.07 MB
       Class:  1.73 MB
        Both:  3.80 MB

MaxMetaspaceSize: unlimited
CompressedClassSpaceSize: 1.00 GB
Initial GC threshold: 21.00 MB
Current GC threshold: 32.75 MB
CDS: on
MetaspaceReclaimPolicy: balanced
 - commit_granule_bytes: 65536.
 - commit_granule_words: 8192.
 - virtual_space_node_default_size: 1048576.
 - enlarge_chunks_in_place: 1.
 - new_chunks_are_fully_committed: 0.
 - uncommit_free_chunks: 1.
 - use_allocation_guard: 0.
 - handle_deallocations: 1.


Internal statistics:

num_allocs_failed_limit: 0.
num_arena_births: 188.
num_arena_deaths: 0.
num_vsnodes_births: 4.
num_vsnodes_deaths: 0.
num_space_committed: 314.
num_space_uncommitted: 0.
num_chunks_returned_to_freelist: 0.
num_chunks_taken_from_freelist: 457.
num_chunk_merges: 0.
num_chunk_splits: 247.
num_chunks_enlarged: 115.
num_purges: 0.
num_inconsistent_stats: 0.

CodeHeap 'non-profiled nmethods': size=120000Kb used=3776Kb max_used=3776Kb free=116223Kb
 bounds [0x0000024f6ee20000, 0x0000024f6f1e0000, 0x0000024f76350000]
CodeHeap 'profiled nmethods': size=120000Kb used=7160Kb max_used=8567Kb free=112839Kb
 bounds [0x0000024f678f0000, 0x0000024f68150000, 0x0000024f6ee20000]
CodeHeap 'non-nmethods': size=5760Kb used=1399Kb max_used=1458Kb free=4360Kb
 bounds [0x0000024f67350000, 0x0000024f675c0000, 0x0000024f678f0000]
 total_blobs=4624 nmethods=3870 adapters=664
 compilation: enabled
              stopped_count=0, restarted_count=0
 full_count=0

Compilation events (20 events):
Event: 78.046 Thread 0x0000024f5fc1b310 nmethod 4709 0x0000024f6f1c5b10 code [0x0000024f6f1c5c80, 0x0000024f6f1c5d18]
Event: 78.263 Thread 0x0000024f7ad68de0 4710       3       java.awt.Component::processEvent (220 bytes)
Event: 78.264 Thread 0x0000024f7ad68de0 nmethod 4710 0x0000024f67b2f310 code [0x0000024f67b2f600, 0x0000024f67b31228]
Event: 78.270 Thread 0x0000024f7ad68de0 4711       3       java.util.PriorityQueue::poll (81 bytes)
Event: 78.271 Thread 0x0000024f7ad68de0 nmethod 4711 0x0000024f67e70e10 code [0x0000024f67e70fe0, 0x0000024f67e71438]
Event: 78.597 Thread 0x0000024f7ad68de0 4712       1       javax.swing.Timer::getInitialDelay (5 bytes)
Event: 78.597 Thread 0x0000024f7ad68de0 nmethod 4712 0x0000024f6f1c5e10 code [0x0000024f6f1c5fa0, 0x0000024f6f1c6078]
Event: 78.622 Thread 0x0000024f7ad68de0 4713       3       sun.awt.NullComponentPeer::handleEvent (1 bytes)
Event: 78.622 Thread 0x0000024f7ad68de0 nmethod 4713 0x0000024f68041590 code [0x0000024f68041720, 0x0000024f68041838]
Event: 78.662 Thread 0x0000024f7ad68de0 4714       3       java.awt.EventQueue::invokeLater (18 bytes)
Event: 78.663 Thread 0x0000024f7ad68de0 nmethod 4714 0x0000024f67a69610 code [0x0000024f67a69860, 0x0000024f67a6a078]
Event: 78.898 Thread 0x0000024f5fc1b310 4715   !   4       javax.swing.RepaintManager::endPaint (72 bytes)
Event: 78.901 Thread 0x0000024f5fc1b310 nmethod 4715 0x0000024f6f1c6110 code [0x0000024f6f1c6280, 0x0000024f6f1c64d8]
Event: 78.902 Thread 0x0000024f5fc1b310 4716   !   4       javax.swing.RepaintManager::beginPaint (81 bytes)
Event: 78.905 Thread 0x0000024f5fc1b310 nmethod 4716 0x0000024f6f1c6610 code [0x0000024f6f1c67a0, 0x0000024f6f1c6bb8]
Event: 78.905 Thread 0x0000024f5fc1b310 4717       4       javax.swing.RepaintManager::paint (94 bytes)
Event: 79.141 Thread 0x0000024f7ad68de0 4719       3       javax.swing.DefaultButtonModel::isArmed (15 bytes)
Event: 79.141 Thread 0x0000024f7ad68de0 nmethod 4719 0x0000024f67dd9610 code [0x0000024f67dd97a0, 0x0000024f67dd9918]
Event: 79.197 Thread 0x0000024f7ad68de0 4720       3       java.awt.event.InputEvent$1::canAccessSystemClipboard (5 bytes)
Event: 79.197 Thread 0x0000024f7ad68de0 nmethod 4720 0x0000024f67f37510 code [0x0000024f67f376a0, 0x0000024f67f377b8]

GC Heap History (20 events):
Event: 78.072 GC heap before
{Heap before GC invocations=710 (full 0):
 garbage-first heap   total 194560K, used 117636K [0x00000000c1400000, 0x0000000100000000)
  region size 1024K, 33 young (33792K), 1 survivors (1024K)
 Metaspace       used 19896K, committed 20160K, reserved 1073152K
  class space    used 2057K, committed 2176K, reserved 1048576K
}
Event: 78.074 GC heap after
{Heap after GC invocations=711 (full 0):
 garbage-first heap   total 194560K, used 58175K [0x00000000c1400000, 0x0000000100000000)
  region size 1024K, 1 young (1024K), 1 survivors (1024K)
 Metaspace       used 19896K, committed 20160K, reserved 1073152K
  class space    used 2057K, committed 2176K, reserved 1048576K
}
Event: 78.219 GC heap before
{Heap before GC invocations=712 (full 0):
 garbage-first heap   total 194560K, used 131903K [0x00000000c1400000, 0x0000000100000000)
  region size 1024K, 47 young (48128K), 1 survivors (1024K)
 Metaspace       used 19896K, committed 20160K, reserved 1073152K
  class space    used 2057K, committed 2176K, reserved 1048576K
}
Event: 78.220 GC heap after
{Heap after GC invocations=713 (full 0):
 garbage-first heap   total 194560K, used 68469K [0x00000000c1400000, 0x0000000100000000)
  region size 1024K, 1 young (1024K), 1 survivors (1024K)
 Metaspace       used 19896K, committed 20160K, reserved 1073152K
  class space    used 2057K, committed 2176K, reserved 1048576K
}
Event: 78.319 GC heap before
{Heap before GC invocations=714 (full 0):
 garbage-first heap   total 194560K, used 112501K [0x00000000c1400000, 0x0000000100000000)
  region size 1024K, 28 young (28672K), 1 survivors (1024K)
 Metaspace       used 19899K, committed 20160K, reserved 1073152K
  class space    used 2057K, committed 2176K, reserved 1048576K
}
Event: 78.320 GC heap after
{Heap after GC invocations=715 (full 0):
 garbage-first heap   total 194560K, used 58157K [0x00000000c1400000, 0x0000000100000000)
  region size 1024K, 1 young (1024K), 1 survivors (1024K)
 Metaspace       used 19899K, committed 20160K, reserved 1073152K
  class space    used 2057K, committed 2176K, reserved 1048576K
}
Event: 78.494 GC heap before
{Heap before GC invocations=716 (full 0):
 garbage-first heap   total 194560K, used 141101K [0x00000000c1400000, 0x0000000100000000)
  region size 1024K, 56 young (57344K), 1 survivors (1024K)
 Metaspace       used 19899K, committed 20160K, reserved 1073152K
  class space    used 2057K, committed 2176K, reserved 1048576K
}
Event: 78.495 GC heap after
{Heap after GC invocations=717 (full 0):
 garbage-first heap   total 194560K, used 68484K [0x00000000c1400000, 0x0000000100000000)
  region size 1024K, 1 young (1024K), 1 survivors (1024K)
 Metaspace       used 19899K, committed 20160K, reserved 1073152K
  class space    used 2057K, committed 2176K, reserved 1048576K
}
Event: 78.589 GC heap before
{Heap before GC invocations=717 (full 0):
 garbage-first heap   total 194560K, used 118660K [0x00000000c1400000, 0x0000000100000000)
  region size 1024K, 34 young (34816K), 1 survivors (1024K)
 Metaspace       used 19899K, committed 20160K, reserved 1073152K
  class space    used 2057K, committed 2176K, reserved 1048576K
}
Event: 78.592 GC heap after
{Heap after GC invocations=718 (full 0):
 garbage-first heap   total 194560K, used 56285K [0x00000000c1400000, 0x0000000100000000)
  region size 1024K, 1 young (1024K), 1 survivors (1024K)
 Metaspace       used 19899K, committed 20160K, reserved 1073152K
  class space    used 2057K, committed 2176K, reserved 1048576K
}
Event: 78.754 GC heap before
{Heap before GC invocations=718 (full 0):
 garbage-first heap   total 194560K, used 138205K [0x00000000c1400000, 0x0000000100000000)
  region size 1024K, 53 young (54272K), 1 survivors (1024K)
 Metaspace       used 19900K, committed 20160K, reserved 1073152K
  class space    used 2057K, committed 2176K, reserved 1048576K
}
Event: 78.755 GC heap after
{Heap after GC invocations=719 (full 0):
 garbage-first heap   total 194560K, used 68712K [0x00000000c1400000, 0x0000000100000000)
  region size 1024K, 1 young (1024K), 1 survivors (1024K)
 Metaspace       used 19900K, committed 20160K, reserved 1073152K
  class space    used 2057K, committed 2176K, reserved 1048576K
}
Event: 78.855 GC heap before
{Heap before GC invocations=720 (full 0):
 garbage-first heap   total 194560K, used 115816K [0x00000000c1400000, 0x0000000100000000)
  region size 1024K, 31 young (31744K), 1 survivors (1024K)
 Metaspace       used 19900K, committed 20160K, reserved 1073152K
  class space    used 2057K, committed 2176K, reserved 1048576K
}
Event: 78.858 GC heap after
{Heap after GC invocations=721 (full 0):
 garbage-first heap   total 194560K, used 58364K [0x00000000c1400000, 0x0000000100000000)
  region size 1024K, 1 young (1024K), 1 survivors (1024K)
 Metaspace       used 19900K, committed 20160K, reserved 1073152K
  class space    used 2057K, committed 2176K, reserved 1048576K
}
Event: 79.027 GC heap before
{Heap before GC invocations=721 (full 0):
 garbage-first heap   total 194560K, used 126972K [0x00000000c1400000, 0x0000000100000000)
  region size 1024K, 42 young (43008K), 1 survivors (1024K)
 Metaspace       used 19900K, committed 20160K, reserved 1073152K
  class space    used 2057K, committed 2176K, reserved 1048576K
}
Event: 79.029 GC heap after
{Heap after GC invocations=722 (full 0):
 garbage-first heap   total 194560K, used 68572K [0x00000000c1400000, 0x0000000100000000)
  region size 1024K, 1 young (1024K), 1 survivors (1024K)
 Metaspace       used 19900K, committed 20160K, reserved 1073152K
  class space    used 2057K, committed 2176K, reserved 1048576K
}
Event: 79.145 GC heap before
{Heap before GC invocations=722 (full 0):
 garbage-first heap   total 194560K, used 111580K [0x00000000c1400000, 0x0000000100000000)
  region size 1024K, 27 young (27648K), 1 survivors (1024K)
 Metaspace       used 19900K, committed 20160K, reserved 1073152K
  class space    used 2057K, committed 2176K, reserved 1048576K
}
Event: 79.147 GC heap after
{Heap after GC invocations=723 (full 0):
 garbage-first heap   total 194560K, used 58212K [0x00000000c1400000, 0x0000000100000000)
  region size 1024K, 1 young (1024K), 1 survivors (1024K)
 Metaspace       used 19900K, committed 20160K, reserved 1073152K
  class space    used 2057K, committed 2176K, reserved 1048576K
}
Event: 79.322 GC heap before
{Heap before GC invocations=723 (full 0):
 garbage-first heap   total 194560K, used 163684K [0x00000000c1400000, 0x0000000100000000)
  region size 1024K, 78 young (79872K), 1 survivors (1024K)
 Metaspace       used 19930K, committed 20160K, reserved 1073152K
  class space    used 2058K, committed 2176K, reserved 1048576K
}
Event: 79.324 GC heap after
{Heap after GC invocations=724 (full 0):
 garbage-first heap   total 194560K, used 68625K [0x00000000c1400000, 0x0000000100000000)
  region size 1024K, 1 young (1024K), 1 survivors (1024K)
 Metaspace       used 19930K, committed 20160K, reserved 1073152K
  class space    used 2058K, committed 2176K, reserved 1048576K
}

Deoptimization events (20 events):
Event: 76.718 Thread 0x0000024f7ba43230 Uncommon trap: trap_request=0xffffffde fr.pc=0x0000024f6ef380ec relative=0x00000000000022cc
Event: 76.718 Thread 0x0000024f7ba43230 Uncommon trap: reason=class_check action=maybe_recompile pc=0x0000024f6ef380ec method=javax.swing.text.PlainView.calculateLongestLine()V @ 7 c2
Event: 76.718 Thread 0x0000024f7ba43230 DEOPT PACKING pc=0x0000024f6ef380ec sp=0x000000bcaabfe040
Event: 76.718 Thread 0x0000024f7ba43230 DEOPT UNPACKING pc=0x0000024f673a23a3 sp=0x000000bcaabfe008 mode 2
Event: 76.718 Thread 0x0000024f5da6afb0 Uncommon trap: trap_request=0xffffff45 fr.pc=0x0000024f6eefcbe0 relative=0x0000000000001020
Event: 76.718 Thread 0x0000024f5da6afb0 Uncommon trap: reason=unstable_if action=reinterpret pc=0x0000024f6eefcbe0 method=javax.swing.text.SegmentCache.getSegment()Ljavax/swing/text/Segment; @ 15 c2
Event: 76.718 Thread 0x0000024f5da6afb0 DEOPT PACKING pc=0x0000024f6eefcbe0 sp=0x000000bca94ff120
Event: 76.718 Thread 0x0000024f5da6afb0 DEOPT UNPACKING pc=0x0000024f673a23a3 sp=0x000000bca94ff008 mode 2
Event: 76.720 Thread 0x0000024f7ba43230 Uncommon trap: trap_request=0xffffff45 fr.pc=0x0000024f6f05a504 relative=0x0000000000000704
Event: 76.720 Thread 0x0000024f7ba43230 Uncommon trap: reason=unstable_if action=reinterpret pc=0x0000024f6f05a504 method=javax.swing.text.DefaultCaret$Handler.insertUpdate(Ljavax/swing/event/DocumentEvent;)V @ 24 c2
Event: 76.720 Thread 0x0000024f7ba43230 DEOPT PACKING pc=0x0000024f6f05a504 sp=0x000000bcaabfe2c0
Event: 76.720 Thread 0x0000024f7ba43230 DEOPT UNPACKING pc=0x0000024f673a23a3 sp=0x000000bcaabfe248 mode 2
Event: 76.731 Thread 0x0000024f7ba43230 Uncommon trap: trap_request=0xffffff76 fr.pc=0x0000024f6f12ae08 relative=0x0000000000000168
Event: 76.731 Thread 0x0000024f7ba43230 Uncommon trap: reason=predicate action=maybe_recompile pc=0x0000024f6f12ae08 method=javax.swing.SwingUtilities.getValidateRoot(Ljava/awt/Container;Z)Ljava/awt/Container; @ 49 c2
Event: 76.731 Thread 0x0000024f7ba43230 DEOPT PACKING pc=0x0000024f6f12ae08 sp=0x000000bcaabfe050
Event: 76.731 Thread 0x0000024f7ba43230 DEOPT UNPACKING pc=0x0000024f673a23a3 sp=0x000000bcaabfe008 mode 2
Event: 76.736 Thread 0x0000024f7ba43230 Uncommon trap: trap_request=0xffffff45 fr.pc=0x0000024f6efc1004 relative=0x0000000000000244
Event: 76.736 Thread 0x0000024f7ba43230 Uncommon trap: reason=unstable_if action=reinterpret pc=0x0000024f6efc1004 method=javax.swing.plaf.basic.BasicTextUI.getVisibleEditorRect()Ljava/awt/Rectangle; @ 12 c2
Event: 76.736 Thread 0x0000024f7ba43230 DEOPT PACKING pc=0x0000024f6efc1004 sp=0x000000bcaabfece0
Event: 76.736 Thread 0x0000024f7ba43230 DEOPT UNPACKING pc=0x0000024f673a23a3 sp=0x000000bcaabfec90 mode 2

Classes unloaded (0 events):
No events

Classes redefined (0 events):
No events

Internal exceptions (20 events):
Event: 0.486 Thread 0x0000024f5da6afb0 Exception <a 'java/lang/ClassNotFoundException'{0x00000000c4d0f1a0}: com/sun/swing/internal/plaf/basic/resources/spi/basicProvider> (0x00000000c4d0f1a0) 
thrown [t:\workspace\open\src\hotspot\share\classfile\systemDictionary.cpp, line 256]
Event: 0.520 Thread 0x0000024f7bde8950 Exception <a 'java/lang/NoSuchMethodError'{0x00000000c4d54ce0}: 'java.lang.Object java.lang.invoke.DirectMethodHandle$Holder.newInvokeSpecial(java.lang.Object, java.lang.Object, java.lang.Object, int, int, int, int, int)'> (0x00000000c4d54ce0) 
thrown [t:\workspace\open\src\hotspot\share\interpreter\linkResolver.cpp, line 766]
Event: 1.037 Thread 0x0000024f5da6afb0 Exception <a 'java/lang/NoSuchMethodError'{0x00000000c525a828}: 'void java.lang.invoke.DirectMethodHandle$Holder.invokeStaticInit(java.lang.Object)'> (0x00000000c525a828) 
thrown [t:\workspace\open\src\hotspot\share\interpreter\linkResolver.cpp, line 766]
Event: 1.135 Thread 0x0000024f5da6afb0 Exception <a 'java/lang/NoSuchMethodError'{0x00000000c4f4bf50}: 'void java.lang.invoke.DirectMethodHandle$Holder.invokeStatic(java.lang.Object, java.lang.Object, java.lang.Object)'> (0x00000000c4f4bf50) 
thrown [t:\workspace\open\src\hotspot\share\interpreter\linkResolver.cpp, line 766]
Event: 1.138 Thread 0x0000024f5da6afb0 Exception <a 'java/lang/NoSuchMethodError'{0x00000000c4f52468}: 'void java.lang.invoke.DirectMethodHandle$Holder.invokeStatic(java.lang.Object, java.lang.Object)'> (0x00000000c4f52468) 
thrown [t:\workspace\open\src\hotspot\share\interpreter\linkResolver.cpp, line 766]
Event: 1.251 Thread 0x0000024f7bde8950 Exception <a 'java/io/FileNotFoundException'{0x00000000c5253ed8}> (0x00000000c5253ed8) 
thrown [t:\workspace\open\src\hotspot\share\prims\jni.cpp, line 516]
Event: 1.481 Thread 0x0000024f5da6afb0 Exception <a 'java/lang/NullPointerException'{0x00000000c49ce608}> (0x00000000c49ce608) 
thrown [t:\workspace\open\src\hotspot\share\interpreter\linkResolver.cpp, line 1440]
Event: 1.491 Thread 0x0000024f5da6afb0 Exception <a 'java/lang/NullPointerException'{0x00000000c4823ce8}> (0x00000000c4823ce8) 
thrown [t:\workspace\open\src\hotspot\share\interpreter\linkResolver.cpp, line 1440]
Event: 1.530 Thread 0x0000024f7c188c20 Implicit null exception at 0x0000024f6ee9ec52 to 0x0000024f6ee9f1fc
Event: 1.548 Thread 0x0000024f7c188c20 Exception <a 'java/lang/NoSuchMethodError'{0x00000000c4783880}: 'java.lang.Object java.lang.invoke.DirectMethodHandle$Holder.invokeStaticInit(java.lang.Object, int, int, int, int)'> (0x00000000c4783880) 
thrown [t:\workspace\open\src\hotspot\share\interpreter\linkResolver.cpp, line 766]
Event: 1.590 Thread 0x0000024f7c188c20 Exception <a 'java/lang/NoSuchMethodError'{0x00000000c47baab8}: 'java.lang.Object java.lang.invoke.DirectMethodHandle$Holder.invokeStaticInit(java.lang.Object, java.lang.Object, int, int, int, int)'> (0x00000000c47baab8) 
thrown [t:\workspace\open\src\hotspot\share\interpreter\linkResolver.cpp, line 766]
Event: 1.622 Thread 0x0000024f7c188c20 Exception <a 'java/io/FileNotFoundException'{0x00000000c46933b8}> (0x00000000c46933b8) 
thrown [t:\workspace\open\src\hotspot\share\prims\jni.cpp, line 516]
Event: 1.622 Thread 0x0000024f7c188c20 Exception <a 'java/lang/NullPointerException'{0x00000000c4695588}> (0x00000000c4695588) 
thrown [t:\workspace\open\src\hotspot\share\interpreter\linkResolver.cpp, line 1440]
Event: 1.623 Thread 0x0000024f7c188c20 Exception <a 'java/lang/NullPointerException'{0x00000000c4695860}> (0x00000000c4695860) 
thrown [t:\workspace\open\src\hotspot\share\interpreter\linkResolver.cpp, line 1440]
Event: 1.623 Thread 0x0000024f7c188c20 Exception <a 'java/io/FileNotFoundException'{0x00000000c4695de0}> (0x00000000c4695de0) 
thrown [t:\workspace\open\src\hotspot\share\prims\jni.cpp, line 516]
Event: 1.623 Thread 0x0000024f7c188c20 Exception <a 'java/io/FileNotFoundException'{0x00000000c4696668}> (0x00000000c4696668) 
thrown [t:\workspace\open\src\hotspot\share\prims\jni.cpp, line 516]
Event: 1.623 Thread 0x0000024f7c188c20 Exception <a 'java/io/FileNotFoundException'{0x00000000c4696d30}> (0x00000000c4696d30) 
thrown [t:\workspace\open\src\hotspot\share\prims\jni.cpp, line 516]
Event: 1.623 Thread 0x0000024f7c188c20 Exception <a 'java/io/FileNotFoundException'{0x00000000c4697780}> (0x00000000c4697780) 
thrown [t:\workspace\open\src\hotspot\share\prims\jni.cpp, line 516]
Event: 2.518 Thread 0x0000024f5da6afb0 Implicit null exception at 0x0000024f6ef07955 to 0x0000024f6ef08898
Event: 5.596 Thread 0x0000024f7bda8b60 Exception <a 'java/lang/NoSuchMethodError'{0x00000000cdc9f2e0}: 'void java.lang.invoke.DirectMethodHandle$Holder.invokeVirtual(java.lang.Object, java.lang.Object)'> (0x00000000cdc9f2e0) 
thrown [t:\workspace\open\src\hotspot\share\interpreter\linkResolver.cpp, line 766]

VM Operations (20 events):
Event: 78.589 Executing VM operation: G1TryInitiateConcMark
Event: 78.592 Executing VM operation: G1TryInitiateConcMark done
Event: 78.753 Executing VM operation: G1TryInitiateConcMark
Event: 78.753 Executing VM operation: G1TryInitiateConcMark done
Event: 78.753 Executing VM operation: G1CollectForAllocation
Event: 78.756 Executing VM operation: G1CollectForAllocation done
Event: 78.785 Executing VM operation: G1Concurrent
Event: 78.788 Executing VM operation: G1Concurrent done
Event: 78.808 Executing VM operation: G1Concurrent
Event: 78.809 Executing VM operation: G1Concurrent done
Event: 78.855 Executing VM operation: G1TryInitiateConcMark
Event: 78.858 Executing VM operation: G1TryInitiateConcMark done
Event: 79.027 Executing VM operation: G1TryInitiateConcMark
Event: 79.027 Executing VM operation: G1TryInitiateConcMark done
Event: 79.027 Executing VM operation: G1TryInitiateConcMark
Event: 79.029 Executing VM operation: G1TryInitiateConcMark done
Event: 79.145 Executing VM operation: G1TryInitiateConcMark
Event: 79.147 Executing VM operation: G1TryInitiateConcMark done
Event: 79.322 Executing VM operation: G1TryInitiateConcMark
Event: 79.324 Executing VM operation: G1TryInitiateConcMark done

Events (20 events):
Event: 19.418 Thread 0x0000024f7ad6dab0 flushing nmethod 0x0000024f67ff1810
Event: 19.418 Thread 0x0000024f7ad6dab0 flushing nmethod 0x0000024f67ff3b90
Event: 19.418 Thread 0x0000024f7ad6dab0 flushing nmethod 0x0000024f67ffea90
Event: 19.418 Thread 0x0000024f7ad6dab0 flushing nmethod 0x0000024f68003a10
Event: 19.418 Thread 0x0000024f7ad6dab0 flushing nmethod 0x0000024f68004590
Event: 19.418 Thread 0x0000024f7ad6dab0 flushing nmethod 0x0000024f68010e10
Event: 19.418 Thread 0x0000024f7ad6dab0 flushing nmethod 0x0000024f68011a90
Event: 19.418 Thread 0x0000024f7ad6dab0 flushing nmethod 0x0000024f68013e10
Event: 19.418 Thread 0x0000024f7ad6dab0 flushing nmethod 0x0000024f68026690
Event: 19.418 Thread 0x0000024f7ad6dab0 flushing nmethod 0x0000024f68028a10
Event: 19.418 Thread 0x0000024f7ad6dab0 flushing nmethod 0x0000024f6802a410
Event: 19.418 Thread 0x0000024f7ad6dab0 flushing nmethod 0x0000024f68041590
Event: 19.418 Thread 0x0000024f7ad6dab0 flushing nmethod 0x0000024f68046310
Event: 19.418 Thread 0x0000024f7ad6dab0 flushing nmethod 0x0000024f68076e10
Event: 74.445 loading class java/awt/Scrollbar
Event: 74.478 loading class java/awt/Scrollbar done
Event: 76.720 loading class javax/swing/text/AbstractDocument$UndoRedoDocumentEvent
Event: 76.730 loading class javax/swing/text/AbstractDocument$UndoRedoDocumentEvent done
Event: 76.730 loading class javax/swing/text/DefaultCaret$1
Event: 76.731 loading class javax/swing/text/DefaultCaret$1 done


Dynamic libraries:
0x00007ff7731f0000 - 0x00007ff773200000 	C:\Program Files\Java\jdk-17.0.1\bin\javaw.exe
0x00007ff999000000 - 0x00007ff9991f0000 	C:\Windows\SYSTEM32\ntdll.dll
0x00007ff998a10000 - 0x00007ff998ac2000 	C:\Windows\System32\KERNEL32.DLL
0x00007ff9969a0000 - 0x00007ff996c43000 	C:\Windows\System32\KERNELBASE.dll
0x00007ff996ca0000 - 0x00007ff996d9a000 	C:\Windows\System32\ucrtbase.dll
0x00007ff987900000 - 0x00007ff987918000 	C:\Program Files\Java\jdk-17.0.1\bin\jli.dll
0x00007ff998d60000 - 0x00007ff998e03000 	C:\Windows\System32\ADVAPI32.dll
0x00007ff997d20000 - 0x00007ff997dbe000 	C:\Windows\System32\msvcrt.dll
0x00007ff998cc0000 - 0x00007ff998d57000 	C:\Windows\System32\sechost.dll
0x00007ff998e80000 - 0x00007ff998fa0000 	C:\Windows\System32\RPCRT4.dll
0x00007ff9983d0000 - 0x00007ff998563000 	C:\Windows\System32\USER32.dll
0x00007ff996c70000 - 0x00007ff996c91000 	C:\Windows\System32\win32u.dll
0x00007ff997c10000 - 0x00007ff997c36000 	C:\Windows\System32\GDI32.dll
0x00007ff996df0000 - 0x00007ff996f84000 	C:\Windows\System32\gdi32full.dll
0x00007ff997010000 - 0x00007ff9970ae000 	C:\Windows\System32\msvcp_win.dll
0x00007ff987e50000 - 0x00007ff987e6a000 	C:\Program Files\Java\jdk-17.0.1\bin\VCRUNTIME140.dll
0x00007ff98c0c0000 - 0x00007ff98c345000 	C:\Windows\WinSxS\amd64_microsoft.windows.common-controls_6595b64144ccf1df_6.0.18362.387_none_e6c5af5b130e4216\COMCTL32.dll
0x00007ff997ec0000 - 0x00007ff9981f6000 	C:\Windows\System32\combase.dll
0x00007ff996f90000 - 0x00007ff997010000 	C:\Windows\System32\bcryptPrimitives.dll
0x00007ff98b5f0000 - 0x00007ff98b5fa000 	C:\Windows\SYSTEM32\VERSION.dll
0x00007ff998be0000 - 0x00007ff998c0e000 	C:\Windows\System32\IMM32.DLL
0x00007ff98bff0000 - 0x00007ff98bffc000 	C:\Program Files\Java\jdk-17.0.1\bin\vcruntime140_1.dll
0x00007ff973fc0000 - 0x00007ff97404d000 	C:\Program Files\Java\jdk-17.0.1\bin\msvcp140.dll
0x00007ff967090000 - 0x00007ff967c4e000 	C:\Program Files\Java\jdk-17.0.1\bin\server\jvm.dll
0x00007ff998710000 - 0x00007ff998718000 	C:\Windows\System32\PSAPI.DLL
0x00007ff98b040000 - 0x00007ff98b049000 	C:\Windows\SYSTEM32\WSOCK32.dll
0x00007ff9989a0000 - 0x00007ff998a0f000 	C:\Windows\System32\WS2_32.dll
0x00007ff992b90000 - 0x00007ff992bb4000 	C:\Windows\SYSTEM32\WINMM.dll
0x00007ff992b60000 - 0x00007ff992b8d000 	C:\Windows\SYSTEM32\WINMMBASE.dll
0x00007ff996da0000 - 0x00007ff996dea000 	C:\Windows\System32\cfgmgr32.dll
0x00007ff995f30000 - 0x00007ff995f41000 	C:\Windows\System32\kernel.appcore.dll
0x00007ff987e40000 - 0x00007ff987e4a000 	C:\Program Files\Java\jdk-17.0.1\bin\jimage.dll
0x00007ff98a540000 - 0x00007ff98a734000 	C:\Windows\SYSTEM32\DBGHELP.DLL
0x00007ff98a510000 - 0x00007ff98a53a000 	C:\Windows\SYSTEM32\dbgcore.DLL
0x00007ff987640000 - 0x00007ff987665000 	C:\Program Files\Java\jdk-17.0.1\bin\java.dll
0x00007ff973070000 - 0x00007ff973146000 	C:\Program Files\Java\jdk-17.0.1\bin\svml.dll
0x00007ff9970b0000 - 0x00007ff997795000 	C:\Windows\System32\SHELL32.dll
0x00007ff998b30000 - 0x00007ff998bd9000 	C:\Windows\System32\shcore.dll
0x00007ff995ff0000 - 0x00007ff99676f000 	C:\Windows\System32\windows.storage.dll
0x00007ff995f50000 - 0x00007ff995f6f000 	C:\Windows\System32\profapi.dll
0x00007ff995ee0000 - 0x00007ff995f2a000 	C:\Windows\System32\powrprof.dll
0x00007ff995ed0000 - 0x00007ff995ee0000 	C:\Windows\System32\UMPDC.dll
0x00007ff998570000 - 0x00007ff9985c2000 	C:\Windows\System32\shlwapi.dll
0x00007ff996c50000 - 0x00007ff996c67000 	C:\Windows\System32\cryptsp.dll
0x00007ff9868a0000 - 0x00007ff9868b9000 	C:\Program Files\Java\jdk-17.0.1\bin\net.dll
0x00007ff98d3b0000 - 0x00007ff98d4a0000 	C:\Windows\SYSTEM32\WINHTTP.dll
0x00007ff995740000 - 0x00007ff9957a7000 	C:\Windows\system32\mswsock.dll
0x00007ff984c70000 - 0x00007ff984c85000 	C:\Program Files\Java\jdk-17.0.1\bin\nio.dll
0x00007ff97dac0000 - 0x00007ff97dad8000 	C:\Program Files\Java\jdk-17.0.1\bin\zip.dll
0x00007ff968d60000 - 0x00007ff968eef000 	C:\Program Files\Java\jdk-17.0.1\bin\awt.dll
0x00007ff998720000 - 0x00007ff9987e4000 	C:\Windows\System32\OLEAUT32.dll
0x00007ff994070000 - 0x00007ff9940ff000 	C:\Windows\SYSTEM32\apphelp.dll
0x00007ff994580000 - 0x00007ff9945ad000 	C:\Windows\system32\DWMAPI.DLL
0x00007ff994230000 - 0x00007ff9942c9000 	C:\Windows\system32\uxtheme.dll
0x00007ff9985d0000 - 0x00007ff998706000 	C:\Windows\System32\MSCTF.dll
0x00007ff998200000 - 0x00007ff998356000 	C:\Windows\System32\ole32.dll
0x00007ff9804b0000 - 0x00007ff980606000 	C:\Windows\system32\opengl32.dll
0x00007ff981af0000 - 0x00007ff981b1c000 	C:\Windows\SYSTEM32\GLU32.dll
0x00007ff994b40000 - 0x00007ff994b60000 	C:\Windows\SYSTEM32\dxcore.dll
0x00007ff971a80000 - 0x00007ff971b09000 	C:\Program Files\Java\jdk-17.0.1\bin\freetype.dll
0x00007ff96b430000 - 0x00007ff96b4d8000 	C:\Program Files\Java\jdk-17.0.1\bin\fontmanager.dll
0x00007ff979e10000 - 0x00007ff979e3d000 	C:\Program Files\Java\jdk-17.0.1\bin\javajpeg.dll
0x00007ff98b640000 - 0x00007ff98b650000 	C:\Program Files\Java\jdk-17.0.1\bin\verify.dll
0x00007ff98adf0000 - 0x00007ff98ae8e000 	C:\Windows\System32\TextInputFramework.dll
0x00007ff993e60000 - 0x00007ff993f34000 	C:\Windows\System32\CoreMessaging.dll
0x00007ff9914e0000 - 0x00007ff99180a000 	C:\Windows\System32\CoreUIComponents.dll
0x00007ff994f30000 - 0x00007ff994f61000 	C:\Windows\SYSTEM32\ntmarta.dll
0x00007ff991f70000 - 0x00007ff9920c3000 	C:\Windows\SYSTEM32\wintypes.dll
0x00007ff9892a0000 - 0x00007ff989546000 	C:\Windows\System32\iertutil.dll
0x00007ff998c10000 - 0x00007ff998cb2000 	C:\Windows\System32\clbcatq.dll
0x0000000071100000 - 0x0000000071125000 	C:\Zuppa GCS\processing-2.2.1\modes\java\libraries\serial\library\windows64\jSSC-2.8.dll
0x00007ff9952b0000 - 0x00007ff9952e3000 	C:\Windows\system32\rsaenh.dll
0x00007ff996770000 - 0x00007ff996796000 	C:\Windows\System32\bcrypt.dll
0x00007ff995dc0000 - 0x00007ff995de5000 	C:\Windows\SYSTEM32\USERENV.dll
0x00007ff995910000 - 0x00007ff99591c000 	C:\Windows\SYSTEM32\CRYPTBASE.dll
0x00007ff995450000 - 0x00007ff99548a000 	C:\Windows\SYSTEM32\IPHLPAPI.DLL
0x00007ff997d10000 - 0x00007ff997d18000 	C:\Windows\System32\NSI.dll
0x00007ff98e290000 - 0x00007ff98e2a6000 	C:\Windows\SYSTEM32\dhcpcsvc6.DLL
0x00007ff98e560000 - 0x00007ff98e57c000 	C:\Windows\SYSTEM32\dhcpcsvc.DLL
0x00007ff995490000 - 0x00007ff99555a000 	C:\Windows\SYSTEM32\DNSAPI.dll
0x00007ff991270000 - 0x00007ff99141f000 	C:\Windows\SYSTEM32\WindowsCodecs.dll
0x00007ff984780000 - 0x00007ff9847ba000 	C:\Windows\system32\dataexchange.dll
0x00007ff9936b0000 - 0x00007ff99390b000 	C:\Windows\system32\d3d11.dll
0x00007ff993910000 - 0x00007ff993aeb000 	C:\Windows\system32\dcomp.dll
0x00007ff994bd0000 - 0x00007ff994cbb000 	C:\Windows\system32\dxgi.dll
0x00007ff994320000 - 0x00007ff99457a000 	C:\Windows\system32\twinapi.appcore.dll
0x00007ff994750000 - 0x00007ff994779000 	C:\Windows\system32\RMCLIENT.dll
0x00007ff96d710000 - 0x00007ff96d78f000 	C:\Program Files\Java\jdk-17.0.1\bin\mlib_image.dll

dbghelp: loaded successfully - version: 4.0.5 - missing functions: none
symbol engine: initialized successfully - sym options: 0x614 - pdb path: .;C:\Program Files\Java\jdk-17.0.1\bin;C:\Windows\SYSTEM32;C:\Windows\WinSxS\amd64_microsoft.windows.common-controls_6595b64144ccf1df_6.0.18362.387_none_e6c5af5b130e4216;C:\Program Files\Java\jdk-17.0.1\bin\server;C:\Zuppa GCS\processing-2.2.1\modes\java\libraries\serial\library\windows64

VM Arguments:
jvm_args: -Djava.library.path=C:\Zuppa GCS\processing-2.2.1\modes\java\libraries\serial\library\windows64;C:\Zuppa GCS\processing-2.2.1\modes\java\libraries\serial\library\windows64 -Dfile.encoding=Cp1252 -XX:+ShowCodeDetailsInExceptionMessages 
java_command: GCSAPP.GcsMainPage
java_class_path (initial): C:\Zuppa GCS\ZUPPA_AIRPLANE_GCS_WPS\GCS_V2.1_DRONE_ALPHA\bin;C:\Zuppa GCS\processing-2.2.1\core\library\core.jar;C:\Zuppa GCS\processing-2.2.1\core\library\gluegen-rt.jar;C:\Zuppa GCS\processing-2.2.1\core\library\gluegen-rt-natives-linux-amd64.jar;C:\Zuppa GCS\processing-2.2.1\core\library\gluegen-rt-natives-linux-armv6hf.jar;C:\Zuppa GCS\processing-2.2.1\core\library\gluegen-rt-natives-linux-i586.jar;C:\Zuppa GCS\processing-2.2.1\core\library\gluegen-rt-natives-macosx-universal.jar;C:\Zuppa GCS\processing-2.2.1\core\library\gluegen-rt-natives-windows-amd64.jar;C:\Zuppa GCS\processing-2.2.1\core\library\gluegen-rt-natives-windows-i586.jar;C:\Zuppa GCS\processing-2.2.1\core\library\jogl-all.jar;C:\Zuppa GCS\processing-2.2.1\core\library\jogl-all-natives-linux-amd64.jar;C:\Zuppa GCS\processing-2.2.1\core\library\jogl-all-natives-linux-armv6hf.jar;C:\Zuppa GCS\processing-2.2.1\core\library\jogl-all-natives-linux-i586.jar;C:\Zuppa GCS\processing-2.2.1\core\library\jogl-all-natives-macosx-universal.jar;C:\Zuppa GCS\processing-2.2.1\core\library\jogl-all-natives-windows-amd64.jar;C:\Zuppa GCS\processing-2.2.1\core\library\jogl-all-natives-windows-i586.jar;C:\Zuppa GCS\processing-2.2.1\java\lib\alt-rt.jar;C:\Zuppa GCS\processing-2.2.1\java\lib\charsets.jar;C:\Zuppa GCS\processing-2.2.1\java\lib\deploy.jar;C:\Zuppa GCS\processing-2.2.1\java\lib\jce.jar;C:\Zuppa GCS\processing-2.2.1\java\lib\jfr.jar;C:\Zuppa GCS\processing-2.2.1\java\lib\jsse.jar;C:\Zuppa GCS\processing-2.2.1\java\lib\management-agent.jar;C:\Zuppa GCS\processing-2.2.1\java\lib\plugin.jar;C:\Zuppa GCS\processing-2.2.1\java\lib\resources.jar;C:\Zuppa GCS\processing-2.2.1\java\lib\rt.jar;C:\Zuppa GCS\processing-2.2.1\modes\java\libraries\serial\library\jssc.jar;C:\Zuppa GCS\processing-2.2.1\modes\java\libraries\serial\library\serial.jar;C:\Zuppa GCS\Joystick Interface\Joystick Library\Joystick\lwjgl-2.9.3\jar\AppleJavaExtensions.jar;C:\Zuppa GCS\Joystick Interface\Joystick Library\
Launcher Type: SUN_STANDARD

[Global flags]
     intx CICompilerCount                          = 3                                         {product} {ergonomic}
     uint ConcGCThreads                            = 1                                         {product} {ergonomic}
     uint G1ConcRefinementThreads                  = 4                                         {product} {ergonomic}
   size_t G1HeapRegionSize                         = 1048576                                   {product} {ergonomic}
    uintx GCDrainStackTargetSize                   = 64                                        {product} {ergonomic}
   size_t InitialHeapSize                          = 67108864                                  {product} {ergonomic}
   size_t MarkStackSize                            = 4194304                                   {product} {ergonomic}
   size_t MaxHeapSize                              = 1052770304                                {product} {ergonomic}
   size_t MaxNewSize                               = 631242752                                 {product} {ergonomic}
   size_t MinHeapDeltaBytes                        = 1048576                                   {product} {ergonomic}
   size_t MinHeapSize                              = 8388608                                   {product} {ergonomic}
    uintx NonNMethodCodeHeapSize                   = 5832780                                {pd product} {ergonomic}
    uintx NonProfiledCodeHeapSize                  = 122912730                              {pd product} {ergonomic}
    uintx ProfiledCodeHeapSize                     = 122912730                              {pd product} {ergonomic}
    uintx ReservedCodeCacheSize                    = 251658240                              {pd product} {ergonomic}
     bool SegmentedCodeCache                       = true                                      {product} {ergonomic}
     bool ShowCodeDetailsInExceptionMessages       = true                                   {manageable} {command line}
   size_t SoftMaxHeapSize                          = 1052770304                             {manageable} {ergonomic}
     bool UseCompressedClassPointers               = true                           {product lp64_product} {ergonomic}
     bool UseCompressedOops                        = true                           {product lp64_product} {ergonomic}
     bool UseG1GC                                  = true                                      {product} {ergonomic}
     bool UseLargePagesIndividualAllocation        = false                                  {pd product} {ergonomic}

Logging:
Log output configuration:
 #0: stdout all=warning uptime,level,tags
 #1: stderr all=off uptime,level,tags

Environment Variables:
JAVA_HOME=C:\Program Files\Java\jdk-17.0.1
PATH=C:\Program Files\Common Files\Oracle\Java\javapath;C:\Windows\system32;C:\Windows;C:\Windows\System32\Wbem;C:\Windows\System32\WindowsPowerShell\v1.0\;C:\Windows\System32\OpenSSH\;C:\Program Files\Java\jdk-17.0.1\bin;C:\Program Files\MySQL\MySQL Shell 8.0\bin\;C:\Users\Admin\AppData\Local\Microsoft\WindowsApps;C:\Users\Admin\AppData\Local\Programs\Microsoft VS Code\bin;C:\Users\Admin\AppData\Local\GitHubDesktop\bin
USERNAME=Admin
OS=Windows_NT
PROCESSOR_IDENTIFIER=Intel64 Family 6 Model 60 Stepping 3, GenuineIntel



---------------  S Y S T E M  ---------------

OS:
 Windows 10 , 64 bit Build 18362 (10.0.18362.329)
OS uptime: 2 days 1:42 hours

CPU: total 4 (initial active 4) (2 cores per cpu, 2 threads per core) family 6 model 60 stepping 3 microcode 0x25, cx8, cmov, fxsr, ht, mmx, sse, sse2, sse3, ssse3, sse4.1, sse4.2, popcnt, lzcnt, tsc, tscinvbit, avx, avx2, aes, erms, clmul, bmi1, bmi2, fma, vzeroupper, clflush

Memory: 4k page, system-wide physical 4012M (496M free)
TotalPageFile size 6997M (AvailPageFile size 1431M)
current process WorkingSet (physical memory assigned to process): 302M, peak: 320M
current process commit charge ("private bytes"): 332M, peak: 356M

vm_info: Java HotSpot(TM) 64-Bit Server VM (17.0.1+12-LTS-39) for windows-amd64 JRE (17.0.1+12-LTS-39), built on Sep 27 2021 18:41:35 by "mach5one" with MS VC++ 16.8 (VS2019)

END.
