

Version:	3.10
CmdLine:	C:\Users\admin\workspacel\GCS SOFTWARE V 1.3.5_PLANE_COMBINED_FINAL\ZuppaGCSV.16Comb.exe --l4j-debug
WOW64:		yes
Working dir:	C:\Users\admin\workspacel\GCS SOFTWARE V 1.3.5_PLANE_COMBINED_FINAL\.
Java min ver:	1.7.0
Java max ver:	
Bundled JRE:	jre7
Check launcher:	C:\Users\admin\workspacel\GCS SOFTWARE V 1.3.5_PLANE_COMBINED_FINAL\jre7\bin\javaw.exe (OK)
Launcher:	C:\Users\admin\workspacel\GCS SOFTWARE V 1.3.5_PLANE_COMBINED_FINAL\jre7\bin\javaw.exe
Launcher args:	-jar "C:\Users\admin\workspacel\GCS SOFTWARE V 1.3.5_PLANE_COMBINED_FINAL\ZuppaGCSV.16Comb.exe"
Args length:	95/32768 chars
Exit code:	0


Version:	3.10
CmdLine:	C:\Users\admin\workspacel\GCS SOFTWARE V 1.3.5_PLANE_COMBINED_FINAL\Zuppa_1.6_Final.exe --l4j-debug
WOW64:		yes
Working dir:	C:\Users\admin\workspacel\GCS SOFTWARE V 1.3.5_PLANE_COMBINED_FINAL\.
Java min ver:	1.6.0
Java max ver:	
Bundled JRE:	jre7
Check launcher:	C:\Users\admin\workspacel\GCS SOFTWARE V 1.3.5_PLANE_COMBINED_FINAL\jre7\bin\javaw.exe (OK)
Launcher:	C:\Users\admin\workspacel\GCS SOFTWARE V 1.3.5_PLANE_COMBINED_FINAL\jre7\bin\javaw.exe
Launcher args:	-jar "C:\Users\admin\workspacel\GCS SOFTWARE V 1.3.5_PLANE_COMBINED_FINAL\Zuppa_1.6_Final.exe"
Args length:	94/32768 chars
Exit code:	0


Version:	3.10
CmdLine:	C:\Users\admin\workspacel\GCS SOFTWARE V 1.3.5_PLANE_COMBINED_FINAL\Zuppa_1.6_Final.exe --l4j-debug
WOW64:		yes
Working dir:	C:\Users\admin\workspacel\GCS SOFTWARE V 1.3.5_PLANE_COMBINED_FINAL\.
Java min ver:	1.6.0
Java max ver:	
Bundled JRE:	jre7
Check launcher:	C:\Users\admin\workspacel\GCS SOFTWARE V 1.3.5_PLANE_COMBINED_FINAL\jre7\bin\javaw.exe (OK)
Launcher:	C:\Users\admin\workspacel\GCS SOFTWARE V 1.3.5_PLANE_COMBINED_FINAL\jre7\bin\javaw.exe
Launcher args:	-jar "C:\Users\admin\workspacel\GCS SOFTWARE V 1.3.5_PLANE_COMBINED_FINAL\Zuppa_1.6_Final.exe"
Args length:	94/32768 chars
Exit code:	0


Version:	3.12
CmdLine:	E:\ZUPPA_AIRPLANE_GCS_WPS\GCS_V1.8_AIRPLANE_BETA\Zuppa_1.6_Final.exe --l4j-debug
WOW64:		yes
Working dir:	E:\ZUPPA_AIRPLANE_GCS_WPS\GCS_V1.8_AIRPLANE_BETA\.
Java min ver:	1.006.000
Java max ver:	
Bundled JRE:	jre7
Check launcher:	E:\ZUPPA_AIRPLANE_GCS_WPS\GCS_V1.8_AIRPLANE_BETA\jre7\bin\javaw.exe (OK)
Launcher:	E:\ZUPPA_AIRPLANE_GCS_WPS\GCS_V1.8_AIRPLANE_BETA\jre7\bin\javaw.exe
Launcher args:	-jar "E:\ZUPPA_AIRPLANE_GCS_WPS\GCS_V1.8_AIRPLANE_BETA\Zuppa_1.6_Final.exe"
Args length:	75/32768 chars
Exit code:	0


Version:	3.12
CmdLine:	E:\ZUPPA_AIRPLANE_GCS_WPS\GCS_V1.8_AIRPLANE_BETA\Zuppa_1.6_Final.exe --l4j-debug
WOW64:		yes
Working dir:	E:\ZUPPA_AIRPLANE_GCS_WPS\GCS_V1.8_AIRPLANE_BETA\.
Java min ver:	1.006.000
Java max ver:	
Bundled JRE:	jre7
Check launcher:	E:\ZUPPA_AIRPLANE_GCS_WPS\GCS_V1.8_AIRPLANE_BETA\jre7\bin\javaw.exe (OK)
Launcher:	E:\ZUPPA_AIRPLANE_GCS_WPS\GCS_V1.8_AIRPLANE_BETA\jre7\bin\javaw.exe
Launcher args:	-jar "E:\ZUPPA_AIRPLANE_GCS_WPS\GCS_V1.8_AIRPLANE_BETA\Zuppa_1.6_Final.exe"
Args length:	75/32768 chars
Exit code:	0
